0 verbose cli /usr/local/bin/node /usr/local/bin/npm
1 info using npm@10.8.2
2 info using node@v20.19.0
3 silly config load:file:/usr/local/lib/node_modules/npm/npmrc
4 silly config load:file:/data/.npmrc
5 silly config load:file:/usr/src/node-red/.npmrc
6 silly config load:file:/usr/local/etc/npmrc
7 verbose title npm install node-red-contrib-http-multipart@0.3.2
8 verbose argv "install" "--no-audit" "--no-update-notifier" "--no-fund" "--save" "--save-prefix" "~" "--omit" "dev" "--engine-strict" "node-red-contrib-http-multipart@0.3.2"
9 verbose logfile logs-max:10 dir:/data/.npm/_logs/2025-07-28T16_17_48_737Z-
10 verbose logfile /data/.npm/_logs/2025-07-28T16_17_48_737Z-debug-0.log
11 silly packumentCache heap:2197815296 maxSize:549453824 maxEntrySize:274726912
12 silly logfile done cleaning log files
13 silly idealTree buildDeps
14 silly fetch manifest node-red-contrib-http-multipart@0.3.2
15 silly packumentCache full:https://registry.npmjs.org/node-red-contrib-http-multipart cache-miss
16 http fetch GET 200 https://registry.npmjs.org/node-red-contrib-http-multipart 733ms (cache miss)
17 silly packumentCache full:https://registry.npmjs.org/node-red-contrib-http-multipart set size:undefined disposed:false
18 silly placeDep ROOT node-red-contrib-http-multipart@0.3.2 OK for: node-red-project@0.0.1 want: 0.3.2
19 silly fetch manifest body-parser@^1.15.2
20 silly packumentCache full:https://registry.npmjs.org/body-parser cache-miss
21 silly fetch manifest connect-busboy@0.0.2
22 silly packumentCache full:https://registry.npmjs.org/connect-busboy cache-miss
23 silly fetch manifest cors@^2.8.1
24 silly packumentCache full:https://registry.npmjs.org/cors cache-miss
25 silly fetch manifest formidable@^1.0.17
26 silly packumentCache full:https://registry.npmjs.org/formidable cache-miss
27 silly fetch manifest is-utf8@^0.2.1
28 silly packumentCache full:https://registry.npmjs.org/is-utf8 cache-miss
29 silly fetch manifest media-typer@^0.3.0
30 silly packumentCache full:https://registry.npmjs.org/media-typer cache-miss
31 silly fetch manifest multer@^1.2.0
32 silly packumentCache full:https://registry.npmjs.org/multer cache-miss
33 silly fetch manifest on-headers@^1.0.1
34 silly packumentCache full:https://registry.npmjs.org/on-headers cache-miss
35 silly fetch manifest raw-body@^2.1.7
36 silly packumentCache full:https://registry.npmjs.org/raw-body cache-miss
37 http fetch GET 200 https://registry.npmjs.org/body-parser 137ms (cache miss)
38 silly packumentCache full:https://registry.npmjs.org/body-parser set size:undefined disposed:false
39 http fetch GET 200 https://registry.npmjs.org/is-utf8 207ms (cache miss)
40 silly packumentCache full:https://registry.npmjs.org/is-utf8 set size:undefined disposed:false
41 http fetch GET 200 https://registry.npmjs.org/media-typer 208ms (cache miss)
42 silly packumentCache full:https://registry.npmjs.org/media-typer set size:undefined disposed:false
43 http fetch GET 200 https://registry.npmjs.org/on-headers 209ms (cache miss)
44 silly packumentCache full:https://registry.npmjs.org/on-headers set size:undefined disposed:false
45 http fetch GET 200 https://registry.npmjs.org/connect-busboy 215ms (cache miss)
46 silly packumentCache full:https://registry.npmjs.org/connect-busboy set size:undefined disposed:false
47 http fetch GET 200 https://registry.npmjs.org/raw-body 224ms (cache miss)
48 silly packumentCache full:https://registry.npmjs.org/raw-body set size:undefined disposed:false
49 http fetch GET 200 https://registry.npmjs.org/multer 257ms (cache miss)
50 silly packumentCache full:https://registry.npmjs.org/multer set size:undefined disposed:false
51 http fetch GET 200 https://registry.npmjs.org/cors 268ms (cache miss)
52 silly packumentCache full:https://registry.npmjs.org/cors set size:undefined disposed:false
53 http fetch GET 200 https://registry.npmjs.org/formidable 270ms (cache miss)
54 silly packumentCache full:https://registry.npmjs.org/formidable set size:undefined disposed:false
55 silly placeDep ROOT body-parser@1.20.3 OK for: node-red-contrib-http-multipart@0.3.2 want: ^1.15.2
56 silly placeDep ROOT connect-busboy@0.0.2 OK for: node-red-contrib-http-multipart@0.3.2 want: 0.0.2
57 silly placeDep ROOT cors@2.8.5 OK for: node-red-contrib-http-multipart@0.3.2 want: ^2.8.1
58 silly placeDep ROOT formidable@1.2.6 OK for: node-red-contrib-http-multipart@0.3.2 want: ^1.0.17
59 silly placeDep ROOT is-utf8@0.2.1 OK for: node-red-contrib-http-multipart@0.3.2 want: ^0.2.1
60 silly placeDep ROOT media-typer@0.3.0 OK for: node-red-contrib-http-multipart@0.3.2 want: ^0.3.0
61 silly placeDep ROOT multer@1.4.4 OK for: node-red-contrib-http-multipart@0.3.2 want: ^1.2.0
62 silly placeDep ROOT on-headers@1.1.0 OK for: node-red-contrib-http-multipart@0.3.2 want: ^1.0.1
63 silly placeDep ROOT raw-body@2.5.2 OK for: node-red-contrib-http-multipart@0.3.2 want: ^2.1.7
64 silly fetch manifest qs@6.13.0
65 silly packumentCache full:https://registry.npmjs.org/qs cache-miss
66 silly fetch manifest depd@2.0.0
67 silly packumentCache full:https://registry.npmjs.org/depd cache-miss
68 silly fetch manifest bytes@3.1.2
69 silly packumentCache full:https://registry.npmjs.org/bytes cache-miss
70 silly fetch manifest debug@2.6.9
71 silly packumentCache full:https://registry.npmjs.org/debug cache-miss
72 silly fetch manifest unpipe@1.0.0
73 silly packumentCache full:https://registry.npmjs.org/unpipe cache-miss
74 silly fetch manifest destroy@1.2.0
75 silly packumentCache full:https://registry.npmjs.org/destroy cache-miss
76 silly fetch manifest type-is@~1.6.18
77 silly packumentCache full:https://registry.npmjs.org/type-is cache-miss
78 silly fetch manifest raw-body@2.5.2
79 silly packumentCache full:https://registry.npmjs.org/raw-body cache-miss
80 silly fetch manifest iconv-lite@0.4.24
81 silly packumentCache full:https://registry.npmjs.org/iconv-lite cache-miss
82 silly fetch manifest http-errors@2.0.0
83 silly packumentCache full:https://registry.npmjs.org/http-errors cache-miss
84 silly fetch manifest on-finished@2.4.1
85 silly packumentCache full:https://registry.npmjs.org/on-finished cache-miss
86 http fetch GET 200 https://registry.npmjs.org/raw-body 49ms (cache hit)
87 silly packumentCache full:https://registry.npmjs.org/raw-body set size:108717 disposed:false
88 silly fetch manifest content-type@~1.0.5
89 silly packumentCache full:https://registry.npmjs.org/content-type cache-miss
90 http fetch GET 200 https://registry.npmjs.org/qs 120ms (cache miss)
91 silly packumentCache full:https://registry.npmjs.org/qs set size:undefined disposed:false
92 silly fetch manifest busboy@*
93 silly packumentCache full:https://registry.npmjs.org/busboy cache-miss
94 http fetch GET 200 https://registry.npmjs.org/destroy 145ms (cache miss)
95 silly packumentCache full:https://registry.npmjs.org/destroy set size:undefined disposed:false
96 silly fetch manifest vary@^1
97 silly packumentCache full:https://registry.npmjs.org/vary cache-miss
98 http fetch GET 200 https://registry.npmjs.org/type-is 161ms (cache miss)
99 silly packumentCache full:https://registry.npmjs.org/type-is set size:undefined disposed:false
100 silly fetch manifest object-assign@^4
101 silly packumentCache full:https://registry.npmjs.org/object-assign cache-miss
102 http fetch GET 200 https://registry.npmjs.org/unpipe 184ms (cache miss)
103 silly packumentCache full:https://registry.npmjs.org/unpipe set size:undefined disposed:false
104 silly fetch manifest xtend@^4.0.0
105 silly packumentCache full:https://registry.npmjs.org/xtend cache-miss
106 http fetch GET 200 https://registry.npmjs.org/depd 191ms (cache miss)
107 silly packumentCache full:https://registry.npmjs.org/depd set size:undefined disposed:false
108 silly fetch manifest busboy@^0.2.11
109 silly packumentCache full:https://registry.npmjs.org/busboy cache-miss
110 http fetch GET 200 https://registry.npmjs.org/http-errors 201ms (cache miss)
111 silly packumentCache full:https://registry.npmjs.org/http-errors set size:undefined disposed:false
112 silly fetch manifest mkdirp@^0.5.4
113 silly packumentCache full:https://registry.npmjs.org/mkdirp cache-miss
114 http fetch GET 200 https://registry.npmjs.org/busboy 92ms (cache miss)
115 silly packumentCache full:https://registry.npmjs.org/busboy set size:undefined disposed:false
116 silly fetch manifest type-is@^1.6.4
117 silly packumentCache full:https://registry.npmjs.org/type-is cache-miss
118 http fetch GET 200 https://registry.npmjs.org/on-finished 252ms (cache miss)
119 silly packumentCache full:https://registry.npmjs.org/on-finished set size:undefined disposed:false
120 silly fetch manifest on-finished@^2.3.0
121 silly packumentCache full:https://registry.npmjs.org/on-finished cache-miss
122 http fetch GET 200 https://registry.npmjs.org/bytes 259ms (cache miss)
123 silly packumentCache full:https://registry.npmjs.org/bytes set size:undefined disposed:false
124 silly fetch manifest append-field@^1.0.0
125 silly packumentCache full:https://registry.npmjs.org/append-field cache-miss
126 http fetch GET 200 https://registry.npmjs.org/type-is 55ms (cache hit)
127 silly packumentCache full:https://registry.npmjs.org/type-is set size:86196 disposed:false
128 silly fetch manifest concat-stream@^1.5.2
129 silly packumentCache full:https://registry.npmjs.org/concat-stream cache-miss
130 http fetch GET 200 https://registry.npmjs.org/debug 279ms (cache miss)
131 silly packumentCache full:https://registry.npmjs.org/debug set size:undefined disposed:false
132 silly fetch manifest object-assign@^4.1.1
133 silly packumentCache full:https://registry.npmjs.org/object-assign cache-miss
134 http fetch GET 200 https://registry.npmjs.org/iconv-lite 285ms (cache miss)
135 silly packumentCache full:https://registry.npmjs.org/iconv-lite set size:undefined disposed:false
136 http fetch GET 200 https://registry.npmjs.org/vary 144ms (cache miss)
137 silly packumentCache full:https://registry.npmjs.org/vary set size:undefined disposed:false
138 http fetch GET 200 https://registry.npmjs.org/object-assign 134ms (cache miss)
139 silly packumentCache full:https://registry.npmjs.org/object-assign set size:undefined disposed:false
140 http fetch GET 200 https://registry.npmjs.org/content-type 257ms (cache miss)
141 silly packumentCache full:https://registry.npmjs.org/content-type set size:undefined disposed:false
142 http fetch GET 200 https://registry.npmjs.org/on-finished 65ms (cache hit)
143 silly packumentCache full:https://registry.npmjs.org/on-finished set size:23212 disposed:false
144 http fetch GET 200 https://registry.npmjs.org/busboy 133ms (cache miss)
145 silly packumentCache full:https://registry.npmjs.org/busboy set size:undefined disposed:false
146 http fetch GET 200 https://registry.npmjs.org/xtend 148ms (cache miss)
147 silly packumentCache full:https://registry.npmjs.org/xtend set size:undefined disposed:false
148 http fetch GET 200 https://registry.npmjs.org/mkdirp 130ms (cache miss)
149 silly packumentCache full:https://registry.npmjs.org/mkdirp set size:undefined disposed:false
150 http fetch GET 200 https://registry.npmjs.org/object-assign 74ms (cache miss)
151 silly packumentCache full:https://registry.npmjs.org/object-assign set size:undefined disposed:false
152 http fetch GET 200 https://registry.npmjs.org/append-field 98ms (cache miss)
153 silly packumentCache full:https://registry.npmjs.org/append-field set size:undefined disposed:false
154 http fetch GET 200 https://registry.npmjs.org/concat-stream 107ms (cache miss)
155 silly packumentCache full:https://registry.npmjs.org/concat-stream set size:undefined disposed:false
156 silly placeDep ROOT bytes@3.1.2 OK for: body-parser@1.20.3 want: 3.1.2
157 silly placeDep ROOT content-type@1.0.5 OK for: body-parser@1.20.3 want: ~1.0.5
158 silly placeDep ROOT debug@2.6.9 OK for: body-parser@1.20.3 want: 2.6.9
159 silly placeDep ROOT depd@2.0.0 OK for: body-parser@1.20.3 want: 2.0.0
160 silly placeDep ROOT destroy@1.2.0 OK for: body-parser@1.20.3 want: 1.2.0
161 silly placeDep ROOT http-errors@2.0.0 OK for: body-parser@1.20.3 want: 2.0.0
162 silly placeDep ROOT iconv-lite@0.4.24 OK for: body-parser@1.20.3 want: 0.4.24
163 silly placeDep ROOT on-finished@2.4.1 OK for: body-parser@1.20.3 want: 2.4.1
164 silly placeDep ROOT qs@6.13.0 OK for: body-parser@1.20.3 want: 6.13.0
165 silly placeDep ROOT type-is@1.6.18 OK for: body-parser@1.20.3 want: ~1.6.18
166 silly placeDep ROOT unpipe@1.0.0 OK for: body-parser@1.20.3 want: 1.0.0
167 silly fetch manifest ms@2.0.0
168 silly packumentCache full:https://registry.npmjs.org/ms cache-miss
169 silly fetch manifest inherits@2.0.4
170 silly packumentCache full:https://registry.npmjs.org/inherits cache-miss
171 silly fetch manifest statuses@2.0.1
172 silly packumentCache full:https://registry.npmjs.org/statuses cache-miss
173 silly fetch manifest toidentifier@1.0.1
174 silly packumentCache full:https://registry.npmjs.org/toidentifier cache-miss
175 silly fetch manifest setprototypeof@1.2.0
176 silly packumentCache full:https://registry.npmjs.org/setprototypeof cache-miss
177 silly fetch manifest safer-buffer@>= 2.1.2 < 3
178 silly packumentCache full:https://registry.npmjs.org/safer-buffer cache-miss
179 silly fetch manifest ee-first@1.1.1
180 silly packumentCache full:https://registry.npmjs.org/ee-first cache-miss
181 silly fetch manifest side-channel@^1.0.6
182 silly packumentCache full:https://registry.npmjs.org/side-channel cache-miss
183 silly fetch manifest mime-types@~2.1.24
184 silly packumentCache full:https://registry.npmjs.org/mime-types cache-miss
185 http fetch GET 200 https://registry.npmjs.org/toidentifier 86ms (cache miss)
186 silly packumentCache full:https://registry.npmjs.org/toidentifier set size:undefined disposed:false
187 http fetch GET 200 https://registry.npmjs.org/ms 101ms (cache miss)
188 silly packumentCache full:https://registry.npmjs.org/ms set size:undefined disposed:false
189 http fetch GET 200 https://registry.npmjs.org/mime-types 112ms (cache miss)
190 silly packumentCache full:https://registry.npmjs.org/mime-types set size:undefined disposed:false
191 http fetch GET 200 https://registry.npmjs.org/safer-buffer 120ms (cache miss)
192 silly packumentCache full:https://registry.npmjs.org/safer-buffer set size:undefined disposed:false
193 http fetch GET 200 https://registry.npmjs.org/inherits 128ms (cache miss)
194 silly packumentCache full:https://registry.npmjs.org/inherits set size:undefined disposed:false
195 http fetch GET 200 https://registry.npmjs.org/ee-first 128ms (cache miss)
196 silly packumentCache full:https://registry.npmjs.org/ee-first set size:undefined disposed:false
197 http fetch GET 200 https://registry.npmjs.org/statuses 138ms (cache miss)
198 silly packumentCache full:https://registry.npmjs.org/statuses set size:undefined disposed:false
199 http fetch GET 200 https://registry.npmjs.org/side-channel 136ms (cache miss)
200 silly packumentCache full:https://registry.npmjs.org/side-channel set size:undefined disposed:false
201 http fetch GET 200 https://registry.npmjs.org/setprototypeof 145ms (cache miss)
202 silly packumentCache full:https://registry.npmjs.org/setprototypeof set size:undefined disposed:false
203 silly placeDep ROOT busboy@1.6.0 OK for: connect-busboy@0.0.2 want: *
204 silly fetch manifest streamsearch@^1.1.0
205 silly packumentCache full:https://registry.npmjs.org/streamsearch cache-miss
206 http fetch GET 200 https://registry.npmjs.org/streamsearch 76ms (cache miss)
207 silly packumentCache full:https://registry.npmjs.org/streamsearch set size:undefined disposed:false
208 silly placeDep ROOT streamsearch@1.1.0 OK for: busboy@1.6.0 want: ^1.1.0
209 silly placeDep ROOT object-assign@4.1.1 OK for: cors@2.8.5 want: ^4
210 silly placeDep ROOT vary@1.1.2 OK for: cors@2.8.5 want: ^1
211 silly placeDep ROOT ms@2.0.0 OK for: debug@2.6.9 want: 2.0.0
212 silly placeDep ROOT inherits@2.0.4 OK for: http-errors@2.0.0 want: 2.0.4
213 silly placeDep ROOT setprototypeof@1.2.0 OK for: http-errors@2.0.0 want: 1.2.0
214 silly placeDep ROOT statuses@2.0.1 OK for: http-errors@2.0.0 want: 2.0.1
215 silly placeDep ROOT toidentifier@1.0.1 OK for: http-errors@2.0.0 want: 1.0.1
216 silly placeDep ROOT safer-buffer@2.1.2 OK for: iconv-lite@0.4.24 want: >= 2.1.2 < 3
217 silly placeDep ROOT append-field@1.0.0 OK for: multer@1.4.4 want: ^1.0.0
218 silly placeDep node_modules/multer busboy@0.2.14 OK for: multer@1.4.4 want: ^0.2.11
219 silly placeDep ROOT concat-stream@1.6.2 OK for: multer@1.4.4 want: ^1.5.2
220 silly placeDep ROOT mkdirp@0.5.6 OK for: multer@1.4.4 want: ^0.5.4
221 silly placeDep ROOT xtend@4.0.2 OK for: multer@1.4.4 want: ^4.0.0
222 silly fetch manifest dicer@0.2.5
223 silly packumentCache full:https://registry.npmjs.org/dicer cache-miss
224 silly fetch manifest readable-stream@1.1.x
225 silly packumentCache full:https://registry.npmjs.org/readable-stream cache-miss
226 silly fetch manifest buffer-from@^1.0.0
227 silly packumentCache full:https://registry.npmjs.org/buffer-from cache-miss
228 silly fetch manifest readable-stream@^2.2.2
229 silly packumentCache full:https://registry.npmjs.org/readable-stream cache-miss
230 silly fetch manifest typedarray@^0.0.6
231 silly packumentCache full:https://registry.npmjs.org/typedarray cache-miss
232 silly fetch manifest minimist@^1.2.6
233 silly packumentCache full:https://registry.npmjs.org/minimist cache-miss
234 http fetch GET 200 https://registry.npmjs.org/buffer-from 72ms (cache miss)
235 silly packumentCache full:https://registry.npmjs.org/buffer-from set size:undefined disposed:false
236 http fetch GET 200 https://registry.npmjs.org/readable-stream 100ms (cache miss)
237 silly packumentCache full:https://registry.npmjs.org/readable-stream set size:undefined disposed:false
238 http fetch GET 200 https://registry.npmjs.org/dicer 148ms (cache miss)
239 silly packumentCache full:https://registry.npmjs.org/dicer set size:undefined disposed:false
240 http fetch GET 200 https://registry.npmjs.org/typedarray 142ms (cache miss)
241 silly packumentCache full:https://registry.npmjs.org/typedarray set size:undefined disposed:false
242 http fetch GET 200 https://registry.npmjs.org/minimist 305ms (cache miss)
243 silly packumentCache full:https://registry.npmjs.org/minimist set size:undefined disposed:false
244 http fetch GET 200 https://registry.npmjs.org/readable-stream 575ms (cache miss)
245 silly packumentCache full:https://registry.npmjs.org/readable-stream set size:undefined disposed:false
246 silly placeDep ROOT buffer-from@1.1.2 OK for: concat-stream@1.6.2 want: ^1.0.0
247 silly placeDep ROOT readable-stream@2.3.8 OK for: concat-stream@1.6.2 want: ^2.2.2
248 silly placeDep ROOT typedarray@0.0.6 OK for: concat-stream@1.6.2 want: ^0.0.6
249 silly fetch manifest isarray@~1.0.0
250 silly packumentCache full:https://registry.npmjs.org/isarray cache-miss
251 silly fetch manifest safe-buffer@~5.1.1
252 silly packumentCache full:https://registry.npmjs.org/safe-buffer cache-miss
253 silly fetch manifest core-util-is@~1.0.0
254 silly packumentCache full:https://registry.npmjs.org/core-util-is cache-miss
255 silly fetch manifest string_decoder@~1.1.1
256 silly packumentCache full:https://registry.npmjs.org/string_decoder cache-miss
257 silly fetch manifest util-deprecate@~1.0.1
258 silly packumentCache full:https://registry.npmjs.org/util-deprecate cache-miss
259 silly fetch manifest process-nextick-args@~2.0.0
260 silly packumentCache full:https://registry.npmjs.org/process-nextick-args cache-miss
261 http fetch GET 200 https://registry.npmjs.org/util-deprecate 72ms (cache miss)
262 silly packumentCache full:https://registry.npmjs.org/util-deprecate set size:undefined disposed:false
263 http fetch GET 200 https://registry.npmjs.org/string_decoder 81ms (cache miss)
264 silly packumentCache full:https://registry.npmjs.org/string_decoder set size:undefined disposed:false
265 http fetch GET 200 https://registry.npmjs.org/safe-buffer 88ms (cache miss)
266 silly packumentCache full:https://registry.npmjs.org/safe-buffer set size:undefined disposed:false
267 http fetch GET 200 https://registry.npmjs.org/process-nextick-args 96ms (cache miss)
268 silly packumentCache full:https://registry.npmjs.org/process-nextick-args set size:undefined disposed:false
269 http fetch GET 200 https://registry.npmjs.org/core-util-is 114ms (cache miss)
270 silly packumentCache full:https://registry.npmjs.org/core-util-is set size:undefined disposed:false
271 http fetch GET 200 https://registry.npmjs.org/isarray 128ms (cache miss)
272 silly packumentCache full:https://registry.npmjs.org/isarray set size:undefined disposed:false
273 silly placeDep ROOT minimist@1.2.8 OK for: mkdirp@0.5.6 want: ^1.2.6
274 silly placeDep ROOT ee-first@1.1.1 OK for: on-finished@2.4.1 want: 1.1.1
275 silly placeDep ROOT side-channel@1.1.0 OK for: qs@6.13.0 want: ^1.0.6
276 silly fetch manifest es-errors@^1.3.0
277 silly packumentCache full:https://registry.npmjs.org/es-errors cache-miss
278 silly fetch manifest object-inspect@^1.13.3
279 silly packumentCache full:https://registry.npmjs.org/object-inspect cache-miss
280 silly fetch manifest side-channel-list@^1.0.0
281 silly packumentCache full:https://registry.npmjs.org/side-channel-list cache-miss
282 silly fetch manifest side-channel-map@^1.0.1
283 silly packumentCache full:https://registry.npmjs.org/side-channel-map cache-miss
284 silly fetch manifest side-channel-weakmap@^1.0.2
285 silly packumentCache full:https://registry.npmjs.org/side-channel-weakmap cache-miss
286 http fetch GET 200 https://registry.npmjs.org/side-channel-map 158ms (cache miss)
287 silly packumentCache full:https://registry.npmjs.org/side-channel-map set size:undefined disposed:false
288 http fetch GET 200 https://registry.npmjs.org/side-channel-weakmap 161ms (cache miss)
289 silly packumentCache full:https://registry.npmjs.org/side-channel-weakmap set size:undefined disposed:false
290 http fetch GET 200 https://registry.npmjs.org/es-errors 165ms (cache miss)
291 silly packumentCache full:https://registry.npmjs.org/es-errors set size:undefined disposed:false
292 http fetch GET 200 https://registry.npmjs.org/side-channel-list 166ms (cache miss)
293 silly packumentCache full:https://registry.npmjs.org/side-channel-list set size:undefined disposed:false
294 http fetch GET 200 https://registry.npmjs.org/object-inspect 188ms (cache miss)
295 silly packumentCache full:https://registry.npmjs.org/object-inspect set size:undefined disposed:false
296 silly placeDep ROOT core-util-is@1.0.3 OK for: readable-stream@2.3.8 want: ~1.0.0
297 silly placeDep ROOT isarray@1.0.0 OK for: readable-stream@2.3.8 want: ~1.0.0
298 silly placeDep ROOT process-nextick-args@2.0.1 OK for: readable-stream@2.3.8 want: ~2.0.0
299 silly placeDep ROOT safe-buffer@5.1.2 OK for: readable-stream@2.3.8 want: ~5.1.1
300 silly placeDep ROOT string_decoder@1.1.1 OK for: readable-stream@2.3.8 want: ~1.1.1
301 silly placeDep ROOT util-deprecate@1.0.2 OK for: readable-stream@2.3.8 want: ~1.0.1
302 silly placeDep ROOT es-errors@1.3.0 OK for: side-channel@1.1.0 want: ^1.3.0
303 silly placeDep ROOT object-inspect@1.13.4 OK for: side-channel@1.1.0 want: ^1.13.3
304 silly placeDep ROOT side-channel-list@1.0.0 OK for: side-channel@1.1.0 want: ^1.0.0
305 silly placeDep ROOT side-channel-map@1.0.1 OK for: side-channel@1.1.0 want: ^1.0.1
306 silly placeDep ROOT side-channel-weakmap@1.0.2 OK for: side-channel@1.1.0 want: ^1.0.2
307 silly fetch manifest call-bound@^1.0.2
308 silly packumentCache full:https://registry.npmjs.org/call-bound cache-miss
309 silly fetch manifest get-intrinsic@^1.2.5
310 silly packumentCache full:https://registry.npmjs.org/get-intrinsic cache-miss
311 silly fetch manifest call-bound@^1.0.2
312 silly packumentCache full:https://registry.npmjs.org/call-bound cache-miss
313 silly fetch manifest get-intrinsic@^1.2.5
314 silly packumentCache full:https://registry.npmjs.org/get-intrinsic cache-miss
315 http fetch GET 200 https://registry.npmjs.org/call-bound 70ms (cache miss)
316 silly packumentCache full:https://registry.npmjs.org/call-bound set size:undefined disposed:false
317 http fetch GET 200 https://registry.npmjs.org/call-bound 74ms (cache miss)
318 silly packumentCache full:https://registry.npmjs.org/call-bound set size:undefined disposed:false
319 http fetch GET 200 https://registry.npmjs.org/get-intrinsic 74ms (cache miss)
320 silly packumentCache full:https://registry.npmjs.org/get-intrinsic set size:undefined disposed:false
321 http fetch GET 200 https://registry.npmjs.org/get-intrinsic 75ms (cache miss)
322 silly packumentCache full:https://registry.npmjs.org/get-intrinsic set size:undefined disposed:false
323 silly placeDep ROOT call-bound@1.0.4 OK for: side-channel-map@1.0.1 want: ^1.0.2
324 silly placeDep ROOT get-intrinsic@1.3.0 OK for: side-channel-map@1.0.1 want: ^1.2.5
325 silly fetch manifest call-bind-apply-helpers@^1.0.2
326 silly packumentCache full:https://registry.npmjs.org/call-bind-apply-helpers cache-miss
327 silly fetch manifest get-intrinsic@^1.3.0
328 silly packumentCache full:https://registry.npmjs.org/get-intrinsic cache-miss
329 silly fetch manifest call-bind-apply-helpers@^1.0.2
330 silly packumentCache full:https://registry.npmjs.org/call-bind-apply-helpers cache-miss
331 silly fetch manifest es-define-property@^1.0.1
332 silly packumentCache full:https://registry.npmjs.org/es-define-property cache-miss
333 silly fetch manifest es-object-atoms@^1.1.1
334 silly packumentCache full:https://registry.npmjs.org/es-object-atoms cache-miss
335 silly fetch manifest function-bind@^1.1.2
336 silly packumentCache full:https://registry.npmjs.org/function-bind cache-miss
337 silly fetch manifest get-proto@^1.0.1
338 silly packumentCache full:https://registry.npmjs.org/get-proto cache-miss
339 silly fetch manifest gopd@^1.2.0
340 silly packumentCache full:https://registry.npmjs.org/gopd cache-miss
341 silly fetch manifest has-symbols@^1.1.0
342 silly packumentCache full:https://registry.npmjs.org/has-symbols cache-miss
343 silly fetch manifest hasown@^2.0.2
344 silly packumentCache full:https://registry.npmjs.org/hasown cache-miss
345 silly fetch manifest math-intrinsics@^1.1.0
346 silly packumentCache full:https://registry.npmjs.org/math-intrinsics cache-miss
347 http fetch GET 200 https://registry.npmjs.org/get-intrinsic 47ms (cache hit)
348 silly packumentCache full:https://registry.npmjs.org/get-intrinsic set size:57687 disposed:false
349 http fetch GET 200 https://registry.npmjs.org/call-bind-apply-helpers 71ms (cache miss)
350 silly packumentCache full:https://registry.npmjs.org/call-bind-apply-helpers set size:undefined disposed:false
351 http fetch GET 200 https://registry.npmjs.org/get-proto 104ms (cache miss)
352 silly packumentCache full:https://registry.npmjs.org/get-proto set size:undefined disposed:false
353 http fetch GET 200 https://registry.npmjs.org/call-bind-apply-helpers 115ms (cache miss)
354 silly packumentCache full:https://registry.npmjs.org/call-bind-apply-helpers set size:undefined disposed:false
355 http fetch GET 200 https://registry.npmjs.org/has-symbols 113ms (cache miss)
356 silly packumentCache full:https://registry.npmjs.org/has-symbols set size:undefined disposed:false
357 http fetch GET 200 https://registry.npmjs.org/es-object-atoms 121ms (cache miss)
358 silly packumentCache full:https://registry.npmjs.org/es-object-atoms set size:undefined disposed:false
359 http fetch GET 200 https://registry.npmjs.org/gopd 119ms (cache miss)
360 silly packumentCache full:https://registry.npmjs.org/gopd set size:undefined disposed:false
361 http fetch GET 200 https://registry.npmjs.org/function-bind 123ms (cache miss)
362 silly packumentCache full:https://registry.npmjs.org/function-bind set size:undefined disposed:false
363 http fetch GET 200 https://registry.npmjs.org/math-intrinsics 118ms (cache miss)
364 silly packumentCache full:https://registry.npmjs.org/math-intrinsics set size:undefined disposed:false
365 http fetch GET 200 https://registry.npmjs.org/hasown 125ms (cache miss)
366 silly packumentCache full:https://registry.npmjs.org/hasown set size:undefined disposed:false
367 http fetch GET 200 https://registry.npmjs.org/es-define-property 135ms (cache miss)
368 silly packumentCache full:https://registry.npmjs.org/es-define-property set size:undefined disposed:false
369 silly placeDep ROOT call-bind-apply-helpers@1.0.2 OK for: call-bound@1.0.4 want: ^1.0.2
370 silly placeDep ROOT function-bind@1.1.2 OK for: call-bind-apply-helpers@1.0.2 want: ^1.1.2
371 silly placeDep ROOT es-define-property@1.0.1 OK for: get-intrinsic@1.3.0 want: ^1.0.1
372 silly placeDep ROOT es-object-atoms@1.1.1 OK for: get-intrinsic@1.3.0 want: ^1.1.1
373 silly placeDep ROOT get-proto@1.0.1 OK for: get-intrinsic@1.3.0 want: ^1.0.1
374 silly placeDep ROOT gopd@1.2.0 OK for: get-intrinsic@1.3.0 want: ^1.2.0
375 silly placeDep ROOT has-symbols@1.1.0 OK for: get-intrinsic@1.3.0 want: ^1.1.0
376 silly placeDep ROOT hasown@2.0.2 OK for: get-intrinsic@1.3.0 want: ^2.0.2
377 silly placeDep ROOT math-intrinsics@1.1.0 OK for: get-intrinsic@1.3.0 want: ^1.1.0
378 silly fetch manifest dunder-proto@^1.0.1
379 silly packumentCache full:https://registry.npmjs.org/dunder-proto cache-miss
380 http fetch GET 200 https://registry.npmjs.org/dunder-proto 62ms (cache miss)
381 silly packumentCache full:https://registry.npmjs.org/dunder-proto set size:undefined disposed:false
382 silly placeDep ROOT dunder-proto@1.0.1 OK for: get-proto@1.0.1 want: ^1.0.1
383 silly placeDep ROOT mime-types@2.1.35 OK for: type-is@1.6.18 want: ~2.1.24
384 silly fetch manifest mime-db@1.52.0
385 silly packumentCache full:https://registry.npmjs.org/mime-db cache-miss
386 http fetch GET 200 https://registry.npmjs.org/mime-db 83ms (cache miss)
387 silly packumentCache full:https://registry.npmjs.org/mime-db set size:undefined disposed:false
388 silly placeDep ROOT mime-db@1.52.0 OK for: mime-types@2.1.35 want: 1.52.0
389 silly placeDep ROOT dicer@0.2.5 OK for: busboy@0.2.14 want: 0.2.5
390 silly placeDep node_modules/multer readable-stream@1.1.14 OK for: busboy@0.2.14 want: 1.1.x
391 silly fetch manifest streamsearch@0.1.2
392 silly packumentCache full:https://registry.npmjs.org/streamsearch cache-miss
393 silly fetch manifest isarray@0.0.1
394 silly packumentCache full:https://registry.npmjs.org/isarray cache-miss
395 silly fetch manifest string_decoder@~0.10.x
396 silly packumentCache full:https://registry.npmjs.org/string_decoder cache-miss
397 http fetch GET 200 https://registry.npmjs.org/streamsearch 36ms (cache hit)
398 silly packumentCache full:https://registry.npmjs.org/streamsearch set size:27372 disposed:false
399 http fetch GET 200 https://registry.npmjs.org/string_decoder 34ms (cache hit)
400 silly packumentCache full:https://registry.npmjs.org/string_decoder set size:28441 disposed:false
401 http fetch GET 200 https://registry.npmjs.org/isarray 37ms (cache hit)
402 silly packumentCache full:https://registry.npmjs.org/isarray set size:17392 disposed:false
403 silly placeDep node_modules/dicer readable-stream@1.1.14 OK for: dicer@0.2.5 want: 1.1.x
404 silly placeDep node_modules/dicer streamsearch@0.1.2 OK for: dicer@0.2.5 want: 0.1.2
405 silly placeDep node_modules/dicer isarray@0.0.1 OK for: readable-stream@1.1.14 want: 0.0.1
406 silly placeDep node_modules/dicer string_decoder@0.10.31 OK for: readable-stream@1.1.14 want: ~0.10.x
407 silly placeDep node_modules/multer isarray@0.0.1 OK for: readable-stream@1.1.14 want: 0.0.1
408 silly placeDep node_modules/multer string_decoder@0.10.31 OK for: readable-stream@1.1.14 want: ~0.10.x
409 silly reify moves {}
410 silly tarball no local data for mime-types@https://registry.npmjs.org/mime-types/-/mime-types-2.1.35.tgz. Extracting by manifest.
411 silly tarball no local data for mime-db@https://registry.npmjs.org/mime-db/-/mime-db-1.52.0.tgz. Extracting by manifest.
412 silly tarball no local data for hasown@https://registry.npmjs.org/hasown/-/hasown-2.0.2.tgz. Extracting by manifest.
413 silly tarball no local data for dunder-proto@https://registry.npmjs.org/dunder-proto/-/dunder-proto-1.0.1.tgz. Extracting by manifest.
414 silly tarball no local data for dicer@https://registry.npmjs.org/dicer/-/dicer-0.2.5.tgz. Extracting by manifest.
415 silly tarball no local data for gopd@https://registry.npmjs.org/gopd/-/gopd-1.2.0.tgz. Extracting by manifest.
416 silly tarball no local data for math-intrinsics@https://registry.npmjs.org/math-intrinsics/-/math-intrinsics-1.1.0.tgz. Extracting by manifest.
417 silly tarball no local data for get-proto@https://registry.npmjs.org/get-proto/-/get-proto-1.0.1.tgz. Extracting by manifest.
418 silly tarball no local data for has-symbols@https://registry.npmjs.org/has-symbols/-/has-symbols-1.1.0.tgz. Extracting by manifest.
419 silly tarball no local data for es-define-property@https://registry.npmjs.org/es-define-property/-/es-define-property-1.0.1.tgz. Extracting by manifest.
420 silly tarball no local data for function-bind@https://registry.npmjs.org/function-bind/-/function-bind-1.1.2.tgz. Extracting by manifest.
421 silly tarball no local data for call-bind-apply-helpers@https://registry.npmjs.org/call-bind-apply-helpers/-/call-bind-apply-helpers-1.0.2.tgz. Extracting by manifest.
422 silly tarball no local data for get-intrinsic@https://registry.npmjs.org/get-intrinsic/-/get-intrinsic-1.3.0.tgz. Extracting by manifest.
423 silly tarball no local data for call-bound@https://registry.npmjs.org/call-bound/-/call-bound-1.0.4.tgz. Extracting by manifest.
424 silly tarball no local data for es-object-atoms@https://registry.npmjs.org/es-object-atoms/-/es-object-atoms-1.1.1.tgz. Extracting by manifest.
425 silly tarball no local data for side-channel-map@https://registry.npmjs.org/side-channel-map/-/side-channel-map-1.0.1.tgz. Extracting by manifest.
426 silly tarball no local data for side-channel-weakmap@https://registry.npmjs.org/side-channel-weakmap/-/side-channel-weakmap-1.0.2.tgz. Extracting by manifest.
427 silly tarball no local data for es-errors@https://registry.npmjs.org/es-errors/-/es-errors-1.3.0.tgz. Extracting by manifest.
428 silly tarball no local data for side-channel-list@https://registry.npmjs.org/side-channel-list/-/side-channel-list-1.0.0.tgz. Extracting by manifest.
429 silly tarball no local data for object-inspect@https://registry.npmjs.org/object-inspect/-/object-inspect-1.13.4.tgz. Extracting by manifest.
430 silly tarball no local data for util-deprecate@https://registry.npmjs.org/util-deprecate/-/util-deprecate-1.0.2.tgz. Extracting by manifest.
431 silly tarball no local data for safe-buffer@https://registry.npmjs.org/safe-buffer/-/safe-buffer-5.1.2.tgz. Extracting by manifest.
432 silly tarball no local data for process-nextick-args@https://registry.npmjs.org/process-nextick-args/-/process-nextick-args-2.0.1.tgz. Extracting by manifest.
433 silly tarball no local data for core-util-is@https://registry.npmjs.org/core-util-is/-/core-util-is-1.0.3.tgz. Extracting by manifest.
434 silly tarball no local data for side-channel@https://registry.npmjs.org/side-channel/-/side-channel-1.1.0.tgz. Extracting by manifest.
435 silly tarball no local data for minimist@https://registry.npmjs.org/minimist/-/minimist-1.2.8.tgz. Extracting by manifest.
436 silly tarball no local data for string_decoder@https://registry.npmjs.org/string_decoder/-/string_decoder-1.1.1.tgz. Extracting by manifest.
437 silly tarball no local data for isarray@https://registry.npmjs.org/isarray/-/isarray-1.0.0.tgz. Extracting by manifest.
438 silly tarball no local data for readable-stream@https://registry.npmjs.org/readable-stream/-/readable-stream-2.3.8.tgz. Extracting by manifest.
439 silly tarball no local data for buffer-from@https://registry.npmjs.org/buffer-from/-/buffer-from-1.1.2.tgz. Extracting by manifest.
440 silly tarball no local data for xtend@https://registry.npmjs.org/xtend/-/xtend-4.0.2.tgz. Extracting by manifest.
441 silly tarball no local data for ee-first@https://registry.npmjs.org/ee-first/-/ee-first-1.1.1.tgz. Extracting by manifest.
442 silly tarball no local data for append-field@https://registry.npmjs.org/append-field/-/append-field-1.0.0.tgz. Extracting by manifest.
443 silly tarball no local data for typedarray@https://registry.npmjs.org/typedarray/-/typedarray-0.0.6.tgz. Extracting by manifest.
444 silly tarball no local data for safer-buffer@https://registry.npmjs.org/safer-buffer/-/safer-buffer-2.1.2.tgz. Extracting by manifest.
445 silly tarball no local data for concat-stream@https://registry.npmjs.org/concat-stream/-/concat-stream-1.6.2.tgz. Extracting by manifest.
446 silly tarball no local data for setprototypeof@https://registry.npmjs.org/setprototypeof/-/setprototypeof-1.2.0.tgz. Extracting by manifest.
447 silly tarball no local data for statuses@https://registry.npmjs.org/statuses/-/statuses-2.0.1.tgz. Extracting by manifest.
448 silly tarball no local data for inherits@https://registry.npmjs.org/inherits/-/inherits-2.0.4.tgz. Extracting by manifest.
449 silly tarball no local data for ms@https://registry.npmjs.org/ms/-/ms-2.0.0.tgz. Extracting by manifest.
450 silly tarball no local data for mkdirp@https://registry.npmjs.org/mkdirp/-/mkdirp-0.5.6.tgz. Extracting by manifest.
451 silly tarball no local data for toidentifier@https://registry.npmjs.org/toidentifier/-/toidentifier-1.0.1.tgz. Extracting by manifest.
452 silly tarball no local data for vary@https://registry.npmjs.org/vary/-/vary-1.1.2.tgz. Extracting by manifest.
453 silly tarball no local data for object-assign@https://registry.npmjs.org/object-assign/-/object-assign-4.1.1.tgz. Extracting by manifest.
454 silly tarball no local data for busboy@https://registry.npmjs.org/busboy/-/busboy-1.6.0.tgz. Extracting by manifest.
455 silly tarball no local data for qs@https://registry.npmjs.org/qs/-/qs-6.13.0.tgz. Extracting by manifest.
456 silly tarball no local data for type-is@https://registry.npmjs.org/type-is/-/type-is-1.6.18.tgz. Extracting by manifest.
457 silly tarball no local data for on-finished@https://registry.npmjs.org/on-finished/-/on-finished-2.4.1.tgz. Extracting by manifest.
458 silly tarball no local data for http-errors@https://registry.npmjs.org/http-errors/-/http-errors-2.0.0.tgz. Extracting by manifest.
459 silly tarball no local data for streamsearch@https://registry.npmjs.org/streamsearch/-/streamsearch-1.1.0.tgz. Extracting by manifest.
460 silly tarball no local data for unpipe@https://registry.npmjs.org/unpipe/-/unpipe-1.0.0.tgz. Extracting by manifest.
461 silly tarball no local data for depd@https://registry.npmjs.org/depd/-/depd-2.0.0.tgz. Extracting by manifest.
462 silly tarball no local data for debug@https://registry.npmjs.org/debug/-/debug-2.6.9.tgz. Extracting by manifest.
463 silly tarball no local data for destroy@https://registry.npmjs.org/destroy/-/destroy-1.2.0.tgz. Extracting by manifest.
464 silly tarball no local data for content-type@https://registry.npmjs.org/content-type/-/content-type-1.0.5.tgz. Extracting by manifest.
465 silly tarball no local data for iconv-lite@https://registry.npmjs.org/iconv-lite/-/iconv-lite-0.4.24.tgz. Extracting by manifest.
466 silly tarball no local data for bytes@https://registry.npmjs.org/bytes/-/bytes-3.1.2.tgz. Extracting by manifest.
467 silly tarball no local data for on-headers@https://registry.npmjs.org/on-headers/-/on-headers-1.1.0.tgz. Extracting by manifest.
468 silly tarball no local data for raw-body@https://registry.npmjs.org/raw-body/-/raw-body-2.5.2.tgz. Extracting by manifest.
469 silly tarball no local data for multer@https://registry.npmjs.org/multer/-/multer-1.4.4.tgz. Extracting by manifest.
470 silly tarball no local data for media-typer@https://registry.npmjs.org/media-typer/-/media-typer-0.3.0.tgz. Extracting by manifest.
471 silly tarball no local data for is-utf8@https://registry.npmjs.org/is-utf8/-/is-utf8-0.2.1.tgz. Extracting by manifest.
472 silly tarball no local data for formidable@https://registry.npmjs.org/formidable/-/formidable-1.2.6.tgz. Extracting by manifest.
473 silly tarball no local data for body-parser@https://registry.npmjs.org/body-parser/-/body-parser-1.20.3.tgz. Extracting by manifest.
474 silly tarball no local data for node-red-contrib-http-multipart@https://registry.npmjs.org/node-red-contrib-http-multipart/-/node-red-contrib-http-multipart-0.3.2.tgz. Extracting by manifest.
475 silly tarball no local data for streamsearch@https://registry.npmjs.org/streamsearch/-/streamsearch-0.1.2.tgz. Extracting by manifest.
476 silly tarball no local data for cors@https://registry.npmjs.org/cors/-/cors-2.8.5.tgz. Extracting by manifest.
477 silly tarball no local data for readable-stream@https://registry.npmjs.org/readable-stream/-/readable-stream-1.1.14.tgz. Extracting by manifest.
478 silly tarball no local data for string_decoder@https://registry.npmjs.org/string_decoder/-/string_decoder-0.10.31.tgz. Extracting by manifest.
479 silly tarball no local data for connect-busboy@https://registry.npmjs.org/connect-busboy/-/connect-busboy-0.0.2.tgz. Extracting by manifest.
480 silly tarball no local data for isarray@https://registry.npmjs.org/isarray/-/isarray-0.0.1.tgz. Extracting by manifest.
481 silly tarball no local data for readable-stream@https://registry.npmjs.org/readable-stream/-/readable-stream-1.1.14.tgz. Extracting by manifest.
482 silly tarball no local data for string_decoder@https://registry.npmjs.org/string_decoder/-/string_decoder-0.10.31.tgz. Extracting by manifest.
483 silly tarball no local data for busboy@https://registry.npmjs.org/busboy/-/busboy-0.2.14.tgz. Extracting by manifest.
484 silly tarball no local data for isarray@https://registry.npmjs.org/isarray/-/isarray-0.0.1.tgz. Extracting by manifest.
485 http fetch GET 200 https://registry.npmjs.org/dunder-proto/-/dunder-proto-1.0.1.tgz 1007ms (cache miss)
486 http fetch GET 200 https://registry.npmjs.org/es-define-property/-/es-define-property-1.0.1.tgz 1105ms (cache miss)
487 http fetch GET 200 https://registry.npmjs.org/hasown/-/hasown-2.0.2.tgz 1194ms (cache miss)
488 http fetch GET 200 https://registry.npmjs.org/mime-db/-/mime-db-1.52.0.tgz 1256ms (cache miss)
489 http fetch GET 200 https://registry.npmjs.org/gopd/-/gopd-1.2.0.tgz 1278ms (cache miss)
490 http fetch GET 200 https://registry.npmjs.org/mime-types/-/mime-types-2.1.35.tgz 1291ms (cache miss)
491 http fetch GET 200 https://registry.npmjs.org/side-channel-weakmap/-/side-channel-weakmap-1.0.2.tgz 1346ms (cache miss)
492 http fetch GET 200 https://registry.npmjs.org/function-bind/-/function-bind-1.1.2.tgz 1359ms (cache miss)
493 http fetch GET 200 https://registry.npmjs.org/util-deprecate/-/util-deprecate-1.0.2.tgz 1378ms (cache miss)
494 http fetch GET 200 https://registry.npmjs.org/side-channel-list/-/side-channel-list-1.0.0.tgz 1432ms (cache miss)
495 http fetch GET 200 https://registry.npmjs.org/core-util-is/-/core-util-is-1.0.3.tgz 1464ms (cache miss)
496 http fetch GET 200 https://registry.npmjs.org/get-proto/-/get-proto-1.0.1.tgz 1499ms (cache miss)
497 http fetch GET 200 https://registry.npmjs.org/side-channel-map/-/side-channel-map-1.0.1.tgz 1494ms (cache miss)
498 http fetch GET 200 https://registry.npmjs.org/process-nextick-args/-/process-nextick-args-2.0.1.tgz 1490ms (cache miss)
499 http fetch GET 200 https://registry.npmjs.org/concat-stream/-/concat-stream-1.6.2.tgz 1487ms (cache miss)
500 http fetch GET 200 https://registry.npmjs.org/toidentifier/-/toidentifier-1.0.1.tgz 1489ms (cache miss)
501 http fetch GET 200 https://registry.npmjs.org/side-channel/-/side-channel-1.1.0.tgz 1507ms (cache miss)
502 http fetch GET 200 https://registry.npmjs.org/string_decoder/-/string_decoder-1.1.1.tgz 1523ms (cache miss)
503 http fetch GET 200 https://registry.npmjs.org/isarray/-/isarray-1.0.0.tgz 1534ms (cache miss)
504 http fetch GET 200 https://registry.npmjs.org/minimist/-/minimist-1.2.8.tgz 1575ms (cache miss)
505 http fetch GET 200 https://registry.npmjs.org/safe-buffer/-/safe-buffer-5.1.2.tgz 1592ms (cache miss)
506 http fetch GET 200 https://registry.npmjs.org/ee-first/-/ee-first-1.1.1.tgz 1586ms (cache miss)
507 http fetch GET 200 https://registry.npmjs.org/mkdirp/-/mkdirp-0.5.6.tgz 1587ms (cache miss)
508 http fetch GET 200 https://registry.npmjs.org/has-symbols/-/has-symbols-1.1.0.tgz 1620ms (cache miss)
509 http fetch GET 200 https://registry.npmjs.org/streamsearch/-/streamsearch-1.1.0.tgz 1599ms (cache miss)
510 http fetch GET 200 https://registry.npmjs.org/is-utf8/-/is-utf8-0.2.1.tgz 1601ms (cache miss)
511 http fetch GET 200 https://registry.npmjs.org/typedarray/-/typedarray-0.0.6.tgz 1632ms (cache miss)
512 http fetch GET 200 https://registry.npmjs.org/xtend/-/xtend-4.0.2.tgz 1652ms (cache miss)
513 http fetch GET 200 https://registry.npmjs.org/buffer-from/-/buffer-from-1.1.2.tgz 1654ms (cache miss)
514 http fetch GET 200 https://registry.npmjs.org/destroy/-/destroy-1.2.0.tgz 1635ms (cache miss)
515 http fetch GET 200 https://registry.npmjs.org/unpipe/-/unpipe-1.0.0.tgz 1639ms (cache miss)
516 http fetch GET 200 https://registry.npmjs.org/append-field/-/append-field-1.0.0.tgz 1657ms (cache miss)
517 http fetch GET 200 https://registry.npmjs.org/safer-buffer/-/safer-buffer-2.1.2.tgz 1666ms (cache miss)
518 http fetch GET 200 https://registry.npmjs.org/ms/-/ms-2.0.0.tgz 1677ms (cache miss)
519 http fetch GET 200 https://registry.npmjs.org/setprototypeof/-/setprototypeof-1.2.0.tgz 1690ms (cache miss)
520 http fetch GET 200 https://registry.npmjs.org/inherits/-/inherits-2.0.4.tgz 1695ms (cache miss)
521 http fetch GET 200 https://registry.npmjs.org/body-parser/-/body-parser-1.20.3.tgz 1678ms (cache miss)
522 http fetch GET 200 https://registry.npmjs.org/object-assign/-/object-assign-4.1.1.tgz 1704ms (cache miss)
523 http fetch GET 200 https://registry.npmjs.org/isarray/-/isarray-0.0.1.tgz 1680ms (cache miss)
524 http fetch GET 200 https://registry.npmjs.org/http-errors/-/http-errors-2.0.0.tgz 1726ms (cache miss)
525 http fetch GET 200 https://registry.npmjs.org/on-headers/-/on-headers-1.1.0.tgz 1718ms (cache miss)
526 http fetch GET 200 https://registry.npmjs.org/vary/-/vary-1.1.2.tgz 1735ms (cache miss)
527 http fetch GET 200 https://registry.npmjs.org/raw-body/-/raw-body-2.5.2.tgz 1731ms (cache miss)
528 http fetch GET 200 https://registry.npmjs.org/content-type/-/content-type-1.0.5.tgz 1736ms (cache miss)
529 http fetch GET 200 https://registry.npmjs.org/es-errors/-/es-errors-1.3.0.tgz 1772ms (cache miss)
530 http fetch GET 200 https://registry.npmjs.org/statuses/-/statuses-2.0.1.tgz 1766ms (cache miss)
531 http fetch GET 200 https://registry.npmjs.org/connect-busboy/-/connect-busboy-0.0.2.tgz 1740ms (cache miss)
532 http fetch GET 200 https://registry.npmjs.org/node-red-contrib-http-multipart/-/node-red-contrib-http-multipart-0.3.2.tgz 1746ms (cache miss)
533 http fetch GET 200 https://registry.npmjs.org/type-is/-/type-is-1.6.18.tgz 1764ms (cache miss)
534 http fetch GET 200 https://registry.npmjs.org/cors/-/cors-2.8.5.tgz 1748ms (cache miss)
535 http fetch GET 200 https://registry.npmjs.org/bytes/-/bytes-3.1.2.tgz 1758ms (cache miss)
536 http fetch GET 200 https://registry.npmjs.org/string_decoder/-/string_decoder-0.10.31.tgz 1754ms (cache miss)
537 http fetch GET 200 https://registry.npmjs.org/media-typer/-/media-typer-0.3.0.tgz 1761ms (cache miss)
538 http fetch GET 200 https://registry.npmjs.org/isarray/-/isarray-0.0.1.tgz 1766ms (cache miss)
539 http fetch GET 200 https://registry.npmjs.org/es-object-atoms/-/es-object-atoms-1.1.1.tgz 1813ms (cache miss)
540 http fetch GET 200 https://registry.npmjs.org/streamsearch/-/streamsearch-0.1.2.tgz 1782ms (cache miss)
541 http fetch GET 200 https://registry.npmjs.org/on-finished/-/on-finished-2.4.1.tgz 1813ms (cache miss)
542 http fetch GET 200 https://registry.npmjs.org/string_decoder/-/string_decoder-0.10.31.tgz 1806ms (cache miss)
543 http fetch GET 200 https://registry.npmjs.org/depd/-/depd-2.0.0.tgz 1840ms (cache miss)
544 http fetch GET 200 https://registry.npmjs.org/debug/-/debug-2.6.9.tgz 1988ms (cache miss)
545 http fetch GET 200 https://registry.npmjs.org/call-bound/-/call-bound-1.0.4.tgz 2048ms (cache miss)
546 http fetch GET 200 https://registry.npmjs.org/call-bind-apply-helpers/-/call-bind-apply-helpers-1.0.2.tgz 2110ms (cache miss)
547 http fetch GET 200 https://registry.npmjs.org/get-intrinsic/-/get-intrinsic-1.3.0.tgz 2116ms (cache miss)
548 http fetch GET 200 https://registry.npmjs.org/math-intrinsics/-/math-intrinsics-1.1.0.tgz 2125ms (cache miss)
549 http fetch GET 200 https://registry.npmjs.org/multer/-/multer-1.4.4.tgz 2091ms (cache miss)
550 warn deprecated multer@1.4.4: Multer 1.x is affected by CVE-2022-24434. This is fixed in v1.4.4-lts.1 which drops support for versions of Node.js before 6. Please upgrade to at least Node.js 6 and version 1.4.4-lts.1 of Multer. If you need support for older versions of Node.js, we are open to accepting patches that would fix the CVE on the main 1.x release line, whilst maintaining compatibility with Node.js 0.10.
551 http fetch GET 200 https://registry.npmjs.org/formidable/-/formidable-1.2.6.tgz 2114ms (cache miss)
552 warn deprecated formidable@1.2.6: Please upgrade to latest, formidable@v2 or formidable@v3! Check these notes: https://bit.ly/2ZEqIau
553 http fetch GET 200 https://registry.npmjs.org/readable-stream/-/readable-stream-1.1.14.tgz 2132ms (cache miss)
554 http fetch GET 200 https://registry.npmjs.org/readable-stream/-/readable-stream-1.1.14.tgz 2143ms (cache miss)
555 http fetch GET 200 https://registry.npmjs.org/readable-stream/-/readable-stream-2.3.8.tgz 2193ms (cache miss)
556 http fetch GET 200 https://registry.npmjs.org/busboy/-/busboy-1.6.0.tgz 2193ms (cache miss)
557 http fetch GET 200 https://registry.npmjs.org/object-inspect/-/object-inspect-1.13.4.tgz 2259ms (cache miss)
558 http fetch GET 200 https://registry.npmjs.org/iconv-lite/-/iconv-lite-0.4.24.tgz 2231ms (cache miss)
559 http fetch GET 200 https://registry.npmjs.org/qs/-/qs-6.13.0.tgz 2300ms (cache miss)
560 http fetch GET 200 https://registry.npmjs.org/busboy/-/busboy-0.2.14.tgz 2285ms (cache miss)
561 http fetch GET 200 https://registry.npmjs.org/dicer/-/dicer-0.2.5.tgz 2358ms (cache miss)
562 silly ADD node_modules/dicer
563 silly ADD node_modules/dicer/node_modules/string_decoder
564 silly ADD node_modules/dicer/node_modules/isarray
565 silly ADD node_modules/dicer/node_modules/streamsearch
566 silly ADD node_modules/dicer/node_modules/readable-stream
567 silly ADD node_modules/mime-db
568 silly ADD node_modules/mime-types
569 silly ADD node_modules/dunder-proto
570 silly ADD node_modules/math-intrinsics
571 silly ADD node_modules/hasown
572 silly ADD node_modules/has-symbols
573 silly ADD node_modules/gopd
574 silly ADD node_modules/get-proto
575 silly ADD node_modules/es-object-atoms
576 silly ADD node_modules/es-define-property
577 silly ADD node_modules/function-bind
578 silly ADD node_modules/call-bind-apply-helpers
579 silly ADD node_modules/get-intrinsic
580 silly ADD node_modules/call-bound
581 silly ADD node_modules/side-channel-weakmap
582 silly ADD node_modules/side-channel-map
583 silly ADD node_modules/side-channel-list
584 silly ADD node_modules/object-inspect
585 silly ADD node_modules/es-errors
586 silly ADD node_modules/util-deprecate
587 silly ADD node_modules/string_decoder
588 silly ADD node_modules/safe-buffer
589 silly ADD node_modules/process-nextick-args
590 silly ADD node_modules/isarray
591 silly ADD node_modules/core-util-is
592 silly ADD node_modules/side-channel
593 silly ADD node_modules/ee-first
594 silly ADD node_modules/minimist
595 silly ADD node_modules/typedarray
596 silly ADD node_modules/readable-stream
597 silly ADD node_modules/buffer-from
598 silly ADD node_modules/xtend
599 silly ADD node_modules/mkdirp
600 silly ADD node_modules/concat-stream
601 silly ADD node_modules/append-field
602 silly ADD node_modules/safer-buffer
603 silly ADD node_modules/toidentifier
604 silly ADD node_modules/statuses
605 silly ADD node_modules/setprototypeof
606 silly ADD node_modules/inherits
607 silly ADD node_modules/ms
608 silly ADD node_modules/vary
609 silly ADD node_modules/object-assign
610 silly ADD node_modules/streamsearch
611 silly ADD node_modules/busboy
612 silly ADD node_modules/unpipe
613 silly ADD node_modules/type-is
614 silly ADD node_modules/qs
615 silly ADD node_modules/on-finished
616 silly ADD node_modules/iconv-lite
617 silly ADD node_modules/http-errors
618 silly ADD node_modules/destroy
619 silly ADD node_modules/depd
620 silly ADD node_modules/debug
621 silly ADD node_modules/content-type
622 silly ADD node_modules/bytes
623 silly ADD node_modules/raw-body
624 silly ADD node_modules/on-headers
625 silly ADD node_modules/multer
626 silly ADD node_modules/multer/node_modules/string_decoder
627 silly ADD node_modules/multer/node_modules/isarray
628 silly ADD node_modules/multer/node_modules/readable-stream
629 silly ADD node_modules/multer/node_modules/busboy
630 silly ADD node_modules/media-typer
631 silly ADD node_modules/is-utf8
632 silly ADD node_modules/formidable
633 silly ADD node_modules/cors
634 silly ADD node_modules/connect-busboy
635 silly ADD node_modules/body-parser
636 silly ADD node_modules/node-red-contrib-http-multipart
637 verbose cwd /data
638 verbose os Linux 5.15.167.4-microsoft-standard-WSL2
639 verbose node v20.19.0
640 verbose npm  v10.8.2
641 verbose exit 0
642 info ok
