0 verbose cli /usr/local/bin/node /usr/local/bin/npm
1 info using npm@10.8.2
2 info using node@v20.19.0
3 silly config load:file:/usr/local/lib/node_modules/npm/npmrc
4 silly config load:file:/data/.npmrc
5 silly config load:file:/usr/src/node-red/.npmrc
6 silly config load:file:/usr/local/etc/npmrc
7 verbose title npm install node-red-contrib-send-multipart@0.3.9
8 verbose argv "install" "--no-audit" "--no-update-notifier" "--no-fund" "--save" "--save-prefix" "~" "--omit" "dev" "--engine-strict" "node-red-contrib-send-multipart@0.3.9"
9 verbose logfile logs-max:10 dir:/data/.npm/_logs/2025-07-28T16_18_28_696Z-
10 verbose logfile /data/.npm/_logs/2025-07-28T16_18_28_696Z-debug-0.log
11 silly packumentCache heap:2197815296 maxSize:549453824 maxEntrySize:274726912
12 silly logfile done cleaning log files
13 silly idealTree buildDeps
14 silly fetch manifest node-red-contrib-send-multipart@0.3.9
15 silly packumentCache full:https://registry.npmjs.org/node-red-contrib-send-multipart cache-miss
16 http fetch GET 200 https://registry.npmjs.org/node-red-contrib-send-multipart 722ms (cache miss)
17 silly packumentCache full:https://registry.npmjs.org/node-red-contrib-send-multipart set size:undefined disposed:false
18 silly placeDep ROOT node-red-contrib-send-multipart@0.3.9 OK for: node-red-project@0.0.1 want: 0.3.9
19 silly fetch manifest mustache@^2.3.0
20 silly packumentCache full:https://registry.npmjs.org/mustache cache-miss
21 silly fetch manifest request@^2.86.0
22 silly packumentCache full:https://registry.npmjs.org/request cache-miss
23 http fetch GET 200 https://registry.npmjs.org/mustache 112ms (cache miss)
24 silly packumentCache full:https://registry.npmjs.org/mustache set size:undefined disposed:false
25 http fetch GET 200 https://registry.npmjs.org/request 165ms (cache miss)
26 silly packumentCache full:https://registry.npmjs.org/request set size:undefined disposed:false
27 silly placeDep ROOT mustache@2.3.2 OK for: node-red-contrib-send-multipart@0.3.9 want: ^2.3.0
28 silly placeDep ROOT request@2.88.2 OK for: node-red-contrib-send-multipart@0.3.9 want: ^2.86.0
29 silly fetch manifest qs@~6.5.2
30 silly packumentCache full:https://registry.npmjs.org/qs cache-miss
31 silly fetch manifest aws4@^1.8.0
32 silly packumentCache full:https://registry.npmjs.org/aws4 cache-miss
33 silly fetch manifest uuid@^3.3.2
34 silly packumentCache full:https://registry.npmjs.org/uuid cache-miss
35 silly fetch manifest extend@~3.0.2
36 silly packumentCache full:https://registry.npmjs.org/extend cache-miss
37 silly fetch manifest caseless@~0.12.0
38 silly packumentCache full:https://registry.npmjs.org/caseless cache-miss
39 silly fetch manifest isstream@~0.1.2
40 silly packumentCache full:https://registry.npmjs.org/isstream cache-miss
41 silly fetch manifest aws-sign2@~0.7.0
42 silly packumentCache full:https://registry.npmjs.org/aws-sign2 cache-miss
43 silly fetch manifest form-data@~2.3.2
44 silly packumentCache full:https://registry.npmjs.org/form-data cache-miss
45 silly fetch manifest mime-types@~2.1.19
46 silly packumentCache full:https://registry.npmjs.org/mime-types cache-miss
47 silly fetch manifest oauth-sign@~0.9.0
48 silly packumentCache full:https://registry.npmjs.org/oauth-sign cache-miss
49 silly fetch manifest safe-buffer@^5.1.2
50 silly packumentCache full:https://registry.npmjs.org/safe-buffer cache-miss
51 http fetch GET 200 https://registry.npmjs.org/mime-types 65ms (cache hit)
52 silly packumentCache full:https://registry.npmjs.org/mime-types set size:136716 disposed:false
53 silly fetch manifest tough-cookie@~2.5.0
54 silly packumentCache full:https://registry.npmjs.org/tough-cookie cache-miss
55 http fetch GET 200 https://registry.npmjs.org/safe-buffer 67ms (cache hit)
56 silly packumentCache full:https://registry.npmjs.org/safe-buffer set size:41183 disposed:false
57 silly fetch manifest tunnel-agent@^0.6.0
58 silly packumentCache full:https://registry.npmjs.org/tunnel-agent cache-miss
59 http fetch GET 200 https://registry.npmjs.org/qs 80ms (cache hit)
60 silly packumentCache full:https://registry.npmjs.org/qs set size:264677 disposed:false
61 silly fetch manifest forever-agent@~0.6.1
62 silly packumentCache full:https://registry.npmjs.org/forever-agent cache-miss
63 http fetch GET 200 https://registry.npmjs.org/uuid 118ms (cache miss)
64 silly packumentCache full:https://registry.npmjs.org/uuid set size:undefined disposed:false
65 silly fetch manifest har-validator@~5.1.3
66 silly packumentCache full:https://registry.npmjs.org/har-validator cache-miss
67 http fetch GET 200 https://registry.npmjs.org/extend 128ms (cache miss)
68 silly packumentCache full:https://registry.npmjs.org/extend set size:undefined disposed:false
69 silly fetch manifest is-typedarray@~1.0.0
70 silly packumentCache full:https://registry.npmjs.org/is-typedarray cache-miss
71 http fetch GET 200 https://registry.npmjs.org/form-data 146ms (cache miss)
72 silly packumentCache full:https://registry.npmjs.org/form-data set size:undefined disposed:false
73 silly fetch manifest http-signature@~1.2.0
74 silly packumentCache full:https://registry.npmjs.org/http-signature cache-miss
75 http fetch GET 200 https://registry.npmjs.org/tough-cookie 141ms (cache miss)
76 silly packumentCache full:https://registry.npmjs.org/tough-cookie set size:undefined disposed:false
77 silly fetch manifest combined-stream@~1.0.6
78 silly packumentCache full:https://registry.npmjs.org/combined-stream cache-miss
79 http fetch GET 200 https://registry.npmjs.org/isstream 225ms (cache miss)
80 silly packumentCache full:https://registry.npmjs.org/isstream set size:undefined disposed:false
81 silly fetch manifest performance-now@^2.1.0
82 silly packumentCache full:https://registry.npmjs.org/performance-now cache-miss
83 http fetch GET 200 https://registry.npmjs.org/oauth-sign 226ms (cache miss)
84 silly packumentCache full:https://registry.npmjs.org/oauth-sign set size:undefined disposed:false
85 silly fetch manifest json-stringify-safe@~5.0.1
86 silly packumentCache full:https://registry.npmjs.org/json-stringify-safe cache-miss
87 http fetch GET 200 https://registry.npmjs.org/aws-sign2 245ms (cache miss)
88 silly packumentCache full:https://registry.npmjs.org/aws-sign2 set size:undefined disposed:false
89 http fetch GET 200 https://registry.npmjs.org/caseless 249ms (cache miss)
90 silly packumentCache full:https://registry.npmjs.org/caseless set size:undefined disposed:false
91 http fetch GET 200 https://registry.npmjs.org/is-typedarray 168ms (cache miss)
92 silly packumentCache full:https://registry.npmjs.org/is-typedarray set size:undefined disposed:false
93 http fetch GET 200 https://registry.npmjs.org/aws4 302ms (cache miss)
94 silly packumentCache full:https://registry.npmjs.org/aws4 set size:undefined disposed:false
95 http fetch GET 200 https://registry.npmjs.org/combined-stream 93ms (cache miss)
96 silly packumentCache full:https://registry.npmjs.org/combined-stream set size:undefined disposed:false
97 http fetch GET 200 https://registry.npmjs.org/har-validator 192ms (cache miss)
98 silly packumentCache full:https://registry.npmjs.org/har-validator set size:undefined disposed:false
99 http fetch GET 200 https://registry.npmjs.org/tunnel-agent 248ms (cache miss)
100 silly packumentCache full:https://registry.npmjs.org/tunnel-agent set size:undefined disposed:false
101 http fetch GET 200 https://registry.npmjs.org/json-stringify-safe 103ms (cache miss)
102 silly packumentCache full:https://registry.npmjs.org/json-stringify-safe set size:undefined disposed:false
103 http fetch GET 200 https://registry.npmjs.org/performance-now 127ms (cache miss)
104 silly packumentCache full:https://registry.npmjs.org/performance-now set size:undefined disposed:false
105 http fetch GET 200 https://registry.npmjs.org/forever-agent 278ms (cache miss)
106 silly packumentCache full:https://registry.npmjs.org/forever-agent set size:undefined disposed:false
107 http fetch GET 200 https://registry.npmjs.org/http-signature 207ms (cache miss)
108 silly packumentCache full:https://registry.npmjs.org/http-signature set size:undefined disposed:false
109 silly placeDep ROOT aws-sign2@0.7.0 OK for: request@2.88.2 want: ~0.7.0
110 silly placeDep ROOT aws4@1.13.2 OK for: request@2.88.2 want: ^1.8.0
111 silly placeDep ROOT caseless@0.12.0 OK for: request@2.88.2 want: ~0.12.0
112 silly placeDep ROOT combined-stream@1.0.8 OK for: request@2.88.2 want: ~1.0.6
113 silly placeDep ROOT extend@3.0.2 OK for: request@2.88.2 want: ~3.0.2
114 silly placeDep ROOT forever-agent@0.6.1 OK for: request@2.88.2 want: ~0.6.1
115 silly placeDep ROOT form-data@2.3.3 OK for: request@2.88.2 want: ~2.3.2
116 silly placeDep ROOT har-validator@5.1.5 OK for: request@2.88.2 want: ~5.1.3
117 silly placeDep ROOT http-signature@1.2.0 OK for: request@2.88.2 want: ~1.2.0
118 silly placeDep ROOT is-typedarray@1.0.0 OK for: request@2.88.2 want: ~1.0.0
119 silly placeDep ROOT isstream@0.1.2 OK for: request@2.88.2 want: ~0.1.2
120 silly placeDep ROOT json-stringify-safe@5.0.1 OK for: request@2.88.2 want: ~5.0.1
121 silly placeDep ROOT mime-types@2.1.35 OK for: request@2.88.2 want: ~2.1.19
122 silly placeDep ROOT oauth-sign@0.9.0 OK for: request@2.88.2 want: ~0.9.0
123 silly placeDep ROOT performance-now@2.1.0 OK for: request@2.88.2 want: ^2.1.0
124 silly placeDep ROOT qs@6.5.3 OK for: request@2.88.2 want: ~6.5.2
125 silly placeDep ROOT safe-buffer@5.2.1 OK for: request@2.88.2 want: ^5.1.2
126 silly placeDep ROOT tough-cookie@2.5.0 OK for: request@2.88.2 want: ~2.5.0
127 silly placeDep ROOT tunnel-agent@0.6.0 OK for: request@2.88.2 want: ^0.6.0
128 silly placeDep ROOT uuid@3.4.0 OK for: request@2.88.2 want: ^3.3.2
129 silly fetch manifest delayed-stream@~1.0.0
130 silly packumentCache full:https://registry.npmjs.org/delayed-stream cache-miss
131 silly fetch manifest asynckit@^0.4.0
132 silly packumentCache full:https://registry.npmjs.org/asynckit cache-miss
133 silly fetch manifest mime-types@^2.1.12
134 silly packumentCache full:https://registry.npmjs.org/mime-types cache-hit
135 silly fetch manifest ajv@^6.12.3
136 silly packumentCache full:https://registry.npmjs.org/ajv cache-miss
137 silly fetch manifest har-schema@^2.0.0
138 silly packumentCache full:https://registry.npmjs.org/har-schema cache-miss
139 silly fetch manifest sshpk@^1.7.0
140 silly packumentCache full:https://registry.npmjs.org/sshpk cache-miss
141 silly fetch manifest jsprim@^1.2.2
142 silly packumentCache full:https://registry.npmjs.org/jsprim cache-miss
143 silly fetch manifest assert-plus@^1.0.0
144 silly packumentCache full:https://registry.npmjs.org/assert-plus cache-miss
145 silly fetch manifest mime-db@1.52.0
146 silly packumentCache full:https://registry.npmjs.org/mime-db cache-miss
147 silly fetch manifest psl@^1.1.28
148 silly packumentCache full:https://registry.npmjs.org/psl cache-miss
149 silly fetch manifest punycode@^2.1.1
150 silly packumentCache full:https://registry.npmjs.org/punycode cache-miss
151 http fetch GET 200 https://registry.npmjs.org/mime-db 40ms (cache hit)
152 silly packumentCache full:https://registry.npmjs.org/mime-db set size:164953 disposed:false
153 http fetch GET 200 https://registry.npmjs.org/delayed-stream 78ms (cache miss)
154 silly packumentCache full:https://registry.npmjs.org/delayed-stream set size:undefined disposed:false
155 http fetch GET 200 https://registry.npmjs.org/asynckit 87ms (cache miss)
156 silly packumentCache full:https://registry.npmjs.org/asynckit set size:undefined disposed:false
157 http fetch GET 200 https://registry.npmjs.org/sshpk 136ms (cache miss)
158 silly packumentCache full:https://registry.npmjs.org/sshpk set size:undefined disposed:false
159 http fetch GET 200 https://registry.npmjs.org/assert-plus 201ms (cache miss)
160 silly packumentCache full:https://registry.npmjs.org/assert-plus set size:undefined disposed:false
161 http fetch GET 200 https://registry.npmjs.org/ajv 215ms (cache miss)
162 silly packumentCache full:https://registry.npmjs.org/ajv set size:undefined disposed:false
163 http fetch GET 200 https://registry.npmjs.org/punycode 224ms (cache miss)
164 silly packumentCache full:https://registry.npmjs.org/punycode set size:undefined disposed:false
165 http fetch GET 200 https://registry.npmjs.org/har-schema 232ms (cache miss)
166 silly packumentCache full:https://registry.npmjs.org/har-schema set size:undefined disposed:false
167 http fetch GET 200 https://registry.npmjs.org/jsprim 239ms (cache miss)
168 silly packumentCache full:https://registry.npmjs.org/jsprim set size:undefined disposed:false
169 http fetch GET 200 https://registry.npmjs.org/psl 540ms (cache miss)
170 silly packumentCache full:https://registry.npmjs.org/psl set size:undefined disposed:false
171 silly placeDep ROOT delayed-stream@1.0.0 OK for: combined-stream@1.0.8 want: ~1.0.0
172 silly placeDep ROOT asynckit@0.4.0 OK for: form-data@2.3.3 want: ^0.4.0
173 silly placeDep ROOT ajv@6.12.6 OK for: har-validator@5.1.5 want: ^6.12.3
174 silly placeDep ROOT har-schema@2.0.0 OK for: har-validator@5.1.5 want: ^2.0.0
175 silly fetch manifest uri-js@^4.2.2
176 silly packumentCache full:https://registry.npmjs.org/uri-js cache-miss
177 silly fetch manifest fast-deep-equal@^3.1.1
178 silly packumentCache full:https://registry.npmjs.org/fast-deep-equal cache-miss
179 silly fetch manifest json-schema-traverse@^0.4.1
180 silly packumentCache full:https://registry.npmjs.org/json-schema-traverse cache-miss
181 silly fetch manifest fast-json-stable-stringify@^2.0.0
182 silly packumentCache full:https://registry.npmjs.org/fast-json-stable-stringify cache-miss
183 http fetch GET 200 https://registry.npmjs.org/uri-js 62ms (cache miss)
184 silly packumentCache full:https://registry.npmjs.org/uri-js set size:undefined disposed:false
185 http fetch GET 200 https://registry.npmjs.org/json-schema-traverse 69ms (cache miss)
186 silly packumentCache full:https://registry.npmjs.org/json-schema-traverse set size:undefined disposed:false
187 http fetch GET 200 https://registry.npmjs.org/fast-deep-equal 71ms (cache miss)
188 silly packumentCache full:https://registry.npmjs.org/fast-deep-equal set size:undefined disposed:false
189 http fetch GET 200 https://registry.npmjs.org/fast-json-stable-stringify 81ms (cache miss)
190 silly packumentCache full:https://registry.npmjs.org/fast-json-stable-stringify set size:undefined disposed:false
191 silly placeDep ROOT fast-deep-equal@3.1.3 OK for: ajv@6.12.6 want: ^3.1.1
192 silly placeDep ROOT fast-json-stable-stringify@2.1.0 OK for: ajv@6.12.6 want: ^2.0.0
193 silly placeDep ROOT json-schema-traverse@0.4.1 OK for: ajv@6.12.6 want: ^0.4.1
194 silly placeDep ROOT uri-js@4.4.1 OK for: ajv@6.12.6 want: ^4.2.2
195 silly fetch manifest punycode@^2.1.0
196 silly packumentCache full:https://registry.npmjs.org/punycode cache-miss
197 http fetch GET 200 https://registry.npmjs.org/punycode 27ms (cache hit)
198 silly packumentCache full:https://registry.npmjs.org/punycode set size:61302 disposed:false
199 silly placeDep ROOT assert-plus@1.0.0 OK for: http-signature@1.2.0 want: ^1.0.0
200 silly placeDep ROOT jsprim@1.4.2 OK for: http-signature@1.2.0 want: ^1.2.2
201 silly placeDep ROOT sshpk@1.18.0 OK for: http-signature@1.2.0 want: ^1.7.0
202 silly fetch manifest verror@1.10.0
203 silly packumentCache full:https://registry.npmjs.org/verror cache-miss
204 silly fetch manifest extsprintf@1.3.0
205 silly packumentCache full:https://registry.npmjs.org/extsprintf cache-miss
206 silly fetch manifest json-schema@0.4.0
207 silly packumentCache full:https://registry.npmjs.org/json-schema cache-miss
208 silly fetch manifest asn1@~0.2.3
209 silly packumentCache full:https://registry.npmjs.org/asn1 cache-miss
210 silly fetch manifest jsbn@~0.1.0
211 silly packumentCache full:https://registry.npmjs.org/jsbn cache-miss
212 silly fetch manifest getpass@^0.1.1
213 silly packumentCache full:https://registry.npmjs.org/getpass cache-miss
214 silly fetch manifest dashdash@^1.12.0
215 silly packumentCache full:https://registry.npmjs.org/dashdash cache-miss
216 silly fetch manifest ecc-jsbn@~0.1.1
217 silly packumentCache full:https://registry.npmjs.org/ecc-jsbn cache-miss
218 silly fetch manifest tweetnacl@~0.14.0
219 silly packumentCache full:https://registry.npmjs.org/tweetnacl cache-miss
220 silly fetch manifest bcrypt-pbkdf@^1.0.0
221 silly packumentCache full:https://registry.npmjs.org/bcrypt-pbkdf cache-miss
222 silly fetch manifest safer-buffer@^2.0.2
223 silly packumentCache full:https://registry.npmjs.org/safer-buffer cache-miss
224 http fetch GET 200 https://registry.npmjs.org/safer-buffer 41ms (cache hit)
225 silly packumentCache full:https://registry.npmjs.org/safer-buffer set size:18521 disposed:false
226 http fetch GET 200 https://registry.npmjs.org/jsbn 69ms (cache miss)
227 silly packumentCache full:https://registry.npmjs.org/jsbn set size:undefined disposed:false
228 http fetch GET 200 https://registry.npmjs.org/bcrypt-pbkdf 70ms (cache miss)
229 silly packumentCache full:https://registry.npmjs.org/bcrypt-pbkdf set size:undefined disposed:false
230 http fetch GET 200 https://registry.npmjs.org/json-schema 90ms (cache miss)
231 silly packumentCache full:https://registry.npmjs.org/json-schema set size:undefined disposed:false
232 http fetch GET 200 https://registry.npmjs.org/getpass 114ms (cache miss)
233 silly packumentCache full:https://registry.npmjs.org/getpass set size:undefined disposed:false
234 http fetch GET 200 https://registry.npmjs.org/asn1 117ms (cache miss)
235 silly packumentCache full:https://registry.npmjs.org/asn1 set size:undefined disposed:false
236 http fetch GET 200 https://registry.npmjs.org/ecc-jsbn 124ms (cache miss)
237 silly packumentCache full:https://registry.npmjs.org/ecc-jsbn set size:undefined disposed:false
238 http fetch GET 200 https://registry.npmjs.org/dashdash 128ms (cache miss)
239 silly packumentCache full:https://registry.npmjs.org/dashdash set size:undefined disposed:false
240 http fetch GET 200 https://registry.npmjs.org/tweetnacl 133ms (cache miss)
241 silly packumentCache full:https://registry.npmjs.org/tweetnacl set size:undefined disposed:false
242 http fetch GET 200 https://registry.npmjs.org/verror 147ms (cache miss)
243 silly packumentCache full:https://registry.npmjs.org/verror set size:undefined disposed:false
244 http fetch GET 200 https://registry.npmjs.org/extsprintf 149ms (cache miss)
245 silly packumentCache full:https://registry.npmjs.org/extsprintf set size:undefined disposed:false
246 silly placeDep ROOT extsprintf@1.3.0 OK for: jsprim@1.4.2 want: 1.3.0
247 silly placeDep ROOT json-schema@0.4.0 OK for: jsprim@1.4.2 want: 0.4.0
248 silly placeDep ROOT verror@1.10.0 OK for: jsprim@1.4.2 want: 1.10.0
249 silly fetch manifest core-util-is@1.0.2
250 silly packumentCache full:https://registry.npmjs.org/core-util-is cache-miss
251 http fetch GET 200 https://registry.npmjs.org/core-util-is 27ms (cache hit)
252 silly packumentCache full:https://registry.npmjs.org/core-util-is set size:7163 disposed:false
253 silly placeDep ROOT mime-db@1.52.0 OK for: mime-types@2.1.35 want: 1.52.0
254 silly placeDep ROOT asn1@0.2.6 OK for: sshpk@1.18.0 want: ~0.2.3
255 silly placeDep ROOT bcrypt-pbkdf@1.0.2 OK for: sshpk@1.18.0 want: ^1.0.0
256 silly placeDep ROOT dashdash@1.14.1 OK for: sshpk@1.18.0 want: ^1.12.0
257 silly placeDep ROOT ecc-jsbn@0.1.2 OK for: sshpk@1.18.0 want: ~0.1.1
258 silly placeDep ROOT getpass@0.1.7 OK for: sshpk@1.18.0 want: ^0.1.1
259 silly placeDep ROOT jsbn@0.1.1 OK for: sshpk@1.18.0 want: ~0.1.0
260 silly placeDep ROOT safer-buffer@2.1.2 OK for: sshpk@1.18.0 want: ^2.0.2
261 silly placeDep ROOT tweetnacl@0.14.5 OK for: sshpk@1.18.0 want: ~0.14.0
262 silly fetch manifest safer-buffer@~2.1.0
263 silly packumentCache full:https://registry.npmjs.org/safer-buffer cache-hit
264 silly fetch manifest tweetnacl@^0.14.3
265 silly packumentCache full:https://registry.npmjs.org/tweetnacl cache-miss
266 silly fetch manifest safer-buffer@^2.1.0
267 silly packumentCache full:https://registry.npmjs.org/safer-buffer cache-hit
268 http fetch GET 200 https://registry.npmjs.org/tweetnacl 35ms (cache hit)
269 silly packumentCache full:https://registry.npmjs.org/tweetnacl set size:79790 disposed:false
270 silly placeDep ROOT psl@1.15.0 OK for: tough-cookie@2.5.0 want: ^1.1.28
271 silly placeDep ROOT punycode@2.3.1 OK for: tough-cookie@2.5.0 want: ^2.1.1
272 silly fetch manifest punycode@^2.3.1
273 silly packumentCache full:https://registry.npmjs.org/punycode cache-hit
274 silly placeDep ROOT core-util-is@1.0.2 OK for: verror@1.10.0 want: 1.0.2
275 silly reify moves {}
276 silly tarball no local data for psl@https://registry.npmjs.org/psl/-/psl-1.15.0.tgz. Extracting by manifest.
277 silly tarball no local data for core-util-is@https://registry.npmjs.org/core-util-is/-/core-util-is-1.0.2.tgz. Extracting by manifest.
278 silly tarball no local data for punycode@https://registry.npmjs.org/punycode/-/punycode-2.3.1.tgz. Extracting by manifest.
279 silly tarball no local data for jsbn@https://registry.npmjs.org/jsbn/-/jsbn-0.1.1.tgz. Extracting by manifest.
280 silly tarball no local data for dashdash@https://registry.npmjs.org/dashdash/-/dashdash-1.14.1.tgz. Extracting by manifest.
281 silly tarball no local data for tweetnacl@https://registry.npmjs.org/tweetnacl/-/tweetnacl-0.14.5.tgz. Extracting by manifest.
282 silly tarball no local data for getpass@https://registry.npmjs.org/getpass/-/getpass-0.1.7.tgz. Extracting by manifest.
283 silly tarball no local data for asn1@https://registry.npmjs.org/asn1/-/asn1-0.2.6.tgz. Extracting by manifest.
284 silly tarball no local data for ecc-jsbn@https://registry.npmjs.org/ecc-jsbn/-/ecc-jsbn-0.1.2.tgz. Extracting by manifest.
285 silly tarball no local data for bcrypt-pbkdf@https://registry.npmjs.org/bcrypt-pbkdf/-/bcrypt-pbkdf-1.0.2.tgz. Extracting by manifest.
286 silly tarball no local data for verror@https://registry.npmjs.org/verror/-/verror-1.10.0.tgz. Extracting by manifest.
287 silly tarball no local data for json-schema@https://registry.npmjs.org/json-schema/-/json-schema-0.4.0.tgz. Extracting by manifest.
288 silly tarball no local data for extsprintf@https://registry.npmjs.org/extsprintf/-/extsprintf-1.3.0.tgz. Extracting by manifest.
289 silly tarball no local data for assert-plus@https://registry.npmjs.org/assert-plus/-/assert-plus-1.0.0.tgz. Extracting by manifest.
290 silly tarball no local data for sshpk@https://registry.npmjs.org/sshpk/-/sshpk-1.18.0.tgz. Extracting by manifest.
291 silly tarball no local data for har-schema@https://registry.npmjs.org/har-schema/-/har-schema-2.0.0.tgz. Extracting by manifest.
292 silly tarball no local data for json-schema-traverse@https://registry.npmjs.org/json-schema-traverse/-/json-schema-traverse-0.4.1.tgz. Extracting by manifest.
293 silly tarball no local data for fast-deep-equal@https://registry.npmjs.org/fast-deep-equal/-/fast-deep-equal-3.1.3.tgz. Extracting by manifest.
294 silly tarball no local data for jsprim@https://registry.npmjs.org/jsprim/-/jsprim-1.4.2.tgz. Extracting by manifest.
295 silly tarball no local data for delayed-stream@https://registry.npmjs.org/delayed-stream/-/delayed-stream-1.0.0.tgz. Extracting by manifest.
296 silly tarball no local data for fast-json-stable-stringify@https://registry.npmjs.org/fast-json-stable-stringify/-/fast-json-stable-stringify-2.1.0.tgz. Extracting by manifest.
297 silly tarball no local data for uuid@https://registry.npmjs.org/uuid/-/uuid-3.4.0.tgz. Extracting by manifest.
298 silly tarball no local data for uri-js@https://registry.npmjs.org/uri-js/-/uri-js-4.4.1.tgz. Extracting by manifest.
299 silly tarball no local data for asynckit@https://registry.npmjs.org/asynckit/-/asynckit-0.4.0.tgz. Extracting by manifest.
300 silly tarball no local data for safe-buffer@https://registry.npmjs.org/safe-buffer/-/safe-buffer-5.2.1.tgz. Extracting by manifest.
301 silly tarball no local data for ajv@https://registry.npmjs.org/ajv/-/ajv-6.12.6.tgz. Extracting by manifest.
302 silly tarball no local data for performance-now@https://registry.npmjs.org/performance-now/-/performance-now-2.1.0.tgz. Extracting by manifest.
303 silly tarball no local data for tunnel-agent@https://registry.npmjs.org/tunnel-agent/-/tunnel-agent-0.6.0.tgz. Extracting by manifest.
304 silly tarball no local data for tough-cookie@https://registry.npmjs.org/tough-cookie/-/tough-cookie-2.5.0.tgz. Extracting by manifest.
305 silly tarball no local data for isstream@https://registry.npmjs.org/isstream/-/isstream-0.1.2.tgz. Extracting by manifest.
306 silly tarball no local data for qs@https://registry.npmjs.org/qs/-/qs-6.5.3.tgz. Extracting by manifest.
307 silly tarball no local data for is-typedarray@https://registry.npmjs.org/is-typedarray/-/is-typedarray-1.0.0.tgz. Extracting by manifest.
308 silly tarball no local data for http-signature@https://registry.npmjs.org/http-signature/-/http-signature-1.2.0.tgz. Extracting by manifest.
309 silly tarball no local data for json-stringify-safe@https://registry.npmjs.org/json-stringify-safe/-/json-stringify-safe-5.0.1.tgz. Extracting by manifest.
310 silly tarball no local data for oauth-sign@https://registry.npmjs.org/oauth-sign/-/oauth-sign-0.9.0.tgz. Extracting by manifest.
311 silly tarball no local data for form-data@https://registry.npmjs.org/form-data/-/form-data-2.3.3.tgz. Extracting by manifest.
312 silly tarball no local data for forever-agent@https://registry.npmjs.org/forever-agent/-/forever-agent-0.6.1.tgz. Extracting by manifest.
313 silly tarball no local data for extend@https://registry.npmjs.org/extend/-/extend-3.0.2.tgz. Extracting by manifest.
314 silly tarball no local data for har-validator@https://registry.npmjs.org/har-validator/-/har-validator-5.1.5.tgz. Extracting by manifest.
315 silly tarball no local data for caseless@https://registry.npmjs.org/caseless/-/caseless-0.12.0.tgz. Extracting by manifest.
316 silly tarball no local data for combined-stream@https://registry.npmjs.org/combined-stream/-/combined-stream-1.0.8.tgz. Extracting by manifest.
317 silly tarball no local data for mustache@https://registry.npmjs.org/mustache/-/mustache-2.3.2.tgz. Extracting by manifest.
318 silly tarball no local data for aws4@https://registry.npmjs.org/aws4/-/aws4-1.13.2.tgz. Extracting by manifest.
319 silly tarball no local data for request@https://registry.npmjs.org/request/-/request-2.88.2.tgz. Extracting by manifest.
320 silly tarball no local data for node-red-contrib-send-multipart@https://registry.npmjs.org/node-red-contrib-send-multipart/-/node-red-contrib-send-multipart-0.3.9.tgz. Extracting by manifest.
321 silly tarball no local data for aws-sign2@https://registry.npmjs.org/aws-sign2/-/aws-sign2-0.7.0.tgz. Extracting by manifest.
322 http fetch GET 200 https://registry.npmjs.org/getpass/-/getpass-0.1.7.tgz 270ms (cache miss)
323 http fetch GET 200 https://registry.npmjs.org/core-util-is/-/core-util-is-1.0.2.tgz 300ms (cache miss)
324 http fetch GET 200 https://registry.npmjs.org/punycode/-/punycode-2.3.1.tgz 309ms (cache miss)
325 http fetch GET 200 https://registry.npmjs.org/bcrypt-pbkdf/-/bcrypt-pbkdf-1.0.2.tgz 413ms (cache miss)
326 http fetch GET 200 https://registry.npmjs.org/json-schema-traverse/-/json-schema-traverse-0.4.1.tgz 512ms (cache miss)
327 http fetch GET 200 https://registry.npmjs.org/dashdash/-/dashdash-1.14.1.tgz 543ms (cache miss)
328 http fetch GET 200 https://registry.npmjs.org/fast-deep-equal/-/fast-deep-equal-3.1.3.tgz 545ms (cache miss)
329 http fetch GET 200 https://registry.npmjs.org/fast-json-stable-stringify/-/fast-json-stable-stringify-2.1.0.tgz 611ms (cache miss)
330 http fetch GET 200 https://registry.npmjs.org/delayed-stream/-/delayed-stream-1.0.0.tgz 686ms (cache miss)
331 http fetch GET 200 https://registry.npmjs.org/asn1/-/asn1-0.2.6.tgz 809ms (cache miss)
332 http fetch GET 200 https://registry.npmjs.org/tweetnacl/-/tweetnacl-0.14.5.tgz 831ms (cache miss)
333 http fetch GET 200 https://registry.npmjs.org/har-schema/-/har-schema-2.0.0.tgz 840ms (cache miss)
334 http fetch GET 200 https://registry.npmjs.org/ecc-jsbn/-/ecc-jsbn-0.1.2.tgz 915ms (cache miss)
335 http fetch GET 200 https://registry.npmjs.org/isstream/-/isstream-0.1.2.tgz 953ms (cache miss)
336 http fetch GET 200 https://registry.npmjs.org/jsprim/-/jsprim-1.4.2.tgz 997ms (cache miss)
337 http fetch GET 200 https://registry.npmjs.org/assert-plus/-/assert-plus-1.0.0.tgz 1012ms (cache miss)
338 http fetch GET 200 https://registry.npmjs.org/http-signature/-/http-signature-1.2.0.tgz 1003ms (cache miss)
339 http fetch GET 200 https://registry.npmjs.org/jsbn/-/jsbn-0.1.1.tgz 1033ms (cache miss)
340 http fetch GET 200 https://registry.npmjs.org/safe-buffer/-/safe-buffer-5.2.1.tgz 1017ms (cache miss)
341 http fetch GET 200 https://registry.npmjs.org/json-stringify-safe/-/json-stringify-safe-5.0.1.tgz 1028ms (cache miss)
342 http fetch GET 200 https://registry.npmjs.org/verror/-/verror-1.10.0.tgz 1050ms (cache miss)
343 http fetch GET 200 https://registry.npmjs.org/json-schema/-/json-schema-0.4.0.tgz 1069ms (cache miss)
344 http fetch GET 200 https://registry.npmjs.org/tunnel-agent/-/tunnel-agent-0.6.0.tgz 1058ms (cache miss)
345 http fetch GET 200 https://registry.npmjs.org/forever-agent/-/forever-agent-0.6.1.tgz 1058ms (cache miss)
346 http fetch GET 200 https://registry.npmjs.org/uuid/-/uuid-3.4.0.tgz 1079ms (cache miss)
347 http fetch GET 200 https://registry.npmjs.org/oauth-sign/-/oauth-sign-0.9.0.tgz 1069ms (cache miss)
348 http fetch GET 200 https://registry.npmjs.org/is-typedarray/-/is-typedarray-1.0.0.tgz 1108ms (cache miss)
349 http fetch GET 200 https://registry.npmjs.org/extend/-/extend-3.0.2.tgz 1111ms (cache miss)
350 http fetch GET 200 https://registry.npmjs.org/har-validator/-/har-validator-5.1.5.tgz 1142ms (cache miss)
351 warn deprecated har-validator@5.1.5: this library is no longer supported
352 http fetch GET 200 https://registry.npmjs.org/aws4/-/aws4-1.13.2.tgz 1169ms (cache miss)
353 http fetch GET 200 https://registry.npmjs.org/aws-sign2/-/aws-sign2-0.7.0.tgz 1177ms (cache miss)
354 http fetch GET 200 https://registry.npmjs.org/extsprintf/-/extsprintf-1.3.0.tgz 1213ms (cache miss)
355 http fetch GET 200 https://registry.npmjs.org/asynckit/-/asynckit-0.4.0.tgz 1239ms (cache miss)
356 http fetch GET 200 https://registry.npmjs.org/combined-stream/-/combined-stream-1.0.8.tgz 1236ms (cache miss)
357 http fetch GET 200 https://registry.npmjs.org/caseless/-/caseless-0.12.0.tgz 1418ms (cache miss)
358 http fetch GET 200 https://registry.npmjs.org/tough-cookie/-/tough-cookie-2.5.0.tgz 1446ms (cache miss)
359 http fetch GET 200 https://registry.npmjs.org/performance-now/-/performance-now-2.1.0.tgz 1450ms (cache miss)
360 warn deprecated uuid@3.4.0: Please upgrade  to version 7 or higher.  Older versions may use Math.random() in certain circumstances, which is known to be problematic.  See https://v8.dev/blog/math-random for details.
361 http fetch GET 200 https://registry.npmjs.org/node-red-contrib-send-multipart/-/node-red-contrib-send-multipart-0.3.9.tgz 1495ms (cache miss)
362 http fetch GET 200 https://registry.npmjs.org/request/-/request-2.88.2.tgz 1544ms (cache miss)
363 http fetch GET 200 https://registry.npmjs.org/mustache/-/mustache-2.3.2.tgz 1552ms (cache miss)
364 warn deprecated request@2.88.2: request has been deprecated, see https://github.com/request/request/issues/3142
365 http fetch GET 200 https://registry.npmjs.org/form-data/-/form-data-2.3.3.tgz 1585ms (cache miss)
366 http fetch GET 200 https://registry.npmjs.org/qs/-/qs-6.5.3.tgz 1615ms (cache miss)
367 http fetch GET 200 https://registry.npmjs.org/psl/-/psl-1.15.0.tgz 1720ms (cache miss)
368 http fetch GET 200 https://registry.npmjs.org/uri-js/-/uri-js-4.4.1.tgz 1742ms (cache miss)
369 http fetch GET 200 https://registry.npmjs.org/sshpk/-/sshpk-1.18.0.tgz 1812ms (cache miss)
370 http fetch GET 200 https://registry.npmjs.org/ajv/-/ajv-6.12.6.tgz 1931ms (cache miss)
371 silly ADD node_modules/core-util-is
372 silly ADD node_modules/punycode
373 silly ADD node_modules/psl
374 silly ADD node_modules/tweetnacl
375 silly ADD node_modules/safer-buffer
376 silly ADD node_modules/jsbn
377 silly ADD node_modules/getpass
378 silly ADD node_modules/ecc-jsbn
379 silly ADD node_modules/dashdash
380 silly ADD node_modules/bcrypt-pbkdf
381 silly ADD node_modules/asn1
382 silly ADD node_modules/mime-db
383 silly ADD node_modules/verror
384 silly ADD node_modules/json-schema
385 silly ADD node_modules/extsprintf
386 silly ADD node_modules/sshpk
387 silly ADD node_modules/jsprim
388 silly ADD node_modules/assert-plus
389 silly ADD node_modules/uri-js
390 silly ADD node_modules/json-schema-traverse
391 silly ADD node_modules/fast-json-stable-stringify
392 silly ADD node_modules/fast-deep-equal
393 silly ADD node_modules/har-schema
394 silly ADD node_modules/ajv
395 silly ADD node_modules/asynckit
396 silly ADD node_modules/delayed-stream
397 silly ADD node_modules/uuid
398 silly ADD node_modules/tunnel-agent
399 silly ADD node_modules/tough-cookie
400 silly ADD node_modules/safe-buffer
401 silly ADD node_modules/qs
402 silly ADD node_modules/performance-now
403 silly ADD node_modules/oauth-sign
404 silly ADD node_modules/mime-types
405 silly ADD node_modules/json-stringify-safe
406 silly ADD node_modules/isstream
407 silly ADD node_modules/is-typedarray
408 silly ADD node_modules/http-signature
409 silly ADD node_modules/har-validator
410 silly ADD node_modules/form-data
411 silly ADD node_modules/forever-agent
412 silly ADD node_modules/extend
413 silly ADD node_modules/combined-stream
414 silly ADD node_modules/caseless
415 silly ADD node_modules/aws4
416 silly ADD node_modules/aws-sign2
417 silly ADD node_modules/request
418 silly ADD node_modules/mustache
419 silly ADD node_modules/node-red-contrib-send-multipart
420 verbose cwd /data
421 verbose os Linux 5.15.167.4-microsoft-standard-WSL2
422 verbose node v20.19.0
423 verbose npm  v10.8.2
424 verbose exit 0
425 info ok
