0 verbose cli /usr/local/bin/node /usr/local/bin/npm
1 info using npm@10.8.2
2 info using node@v20.19.0
3 silly config load:file:/usr/local/lib/node_modules/npm/npmrc
4 silly config load:file:/data/.npmrc
5 silly config load:file:/usr/src/node-red/.npmrc
6 silly config load:file:/usr/local/etc/npmrc
7 verbose title npm install node-red-contrib-dynamic-websocket@1.0.7
8 verbose argv "install" "--no-audit" "--no-update-notifier" "--no-fund" "--save" "--save-prefix" "~" "--omit" "dev" "--engine-strict" "node-red-contrib-dynamic-websocket@1.0.7"
9 verbose logfile logs-max:10 dir:/data/.npm/_logs/2025-07-21T21_03_18_530Z-
10 verbose logfile /data/.npm/_logs/2025-07-21T21_03_18_530Z-debug-0.log
11 silly packumentCache heap:2197815296 maxSize:549453824 maxEntrySize:274726912
12 silly logfile done cleaning log files
13 silly idealTree buildDeps
14 silly fetch manifest node-red-contrib-dynamic-websocket@1.0.7
15 silly packumentCache full:https://registry.npmjs.org/node-red-contrib-dynamic-websocket cache-miss
16 http fetch GET 200 https://registry.npmjs.org/node-red-contrib-dynamic-websocket 1071ms (cache miss)
17 silly packumentCache full:https://registry.npmjs.org/node-red-contrib-dynamic-websocket set size:undefined disposed:false
18 silly placeDep ROOT node-red-contrib-dynamic-websocket@1.0.7 OK for: node-red-project@0.0.1 want: 1.0.7
19 silly fetch manifest ws@^8.18.0
20 silly packumentCache full:https://registry.npmjs.org/ws cache-miss
21 http fetch GET 200 https://registry.npmjs.org/ws 129ms (cache miss)
22 silly packumentCache full:https://registry.npmjs.org/ws set size:undefined disposed:false
23 silly fetch manifest bufferutil@^4.0.1
24 silly packumentCache full:https://registry.npmjs.org/bufferutil cache-miss
25 http fetch GET 200 https://registry.npmjs.org/bufferutil 106ms (cache miss)
26 silly packumentCache full:https://registry.npmjs.org/bufferutil set size:undefined disposed:false
27 silly fetch manifest utf-8-validate@>=5.0.2
28 silly packumentCache full:https://registry.npmjs.org/utf-8-validate cache-miss
29 http fetch GET 200 https://registry.npmjs.org/utf-8-validate 82ms (cache miss)
30 silly packumentCache full:https://registry.npmjs.org/utf-8-validate set size:undefined disposed:false
31 silly placeDep ROOT ws@8.18.3 OK for: node-red-contrib-dynamic-websocket@1.0.7 want: ^8.18.0
32 silly reify moves {}
33 silly tarball no local data for ws@https://registry.npmjs.org/ws/-/ws-8.18.3.tgz. Extracting by manifest.
34 silly tarball no local data for node-red-contrib-dynamic-websocket@https://registry.npmjs.org/node-red-contrib-dynamic-websocket/-/node-red-contrib-dynamic-websocket-1.0.7.tgz. Extracting by manifest.
35 http fetch GET 200 https://registry.npmjs.org/ws/-/ws-8.18.3.tgz 153ms (cache miss)
36 http fetch GET 200 https://registry.npmjs.org/node-red-contrib-dynamic-websocket/-/node-red-contrib-dynamic-websocket-1.0.7.tgz 490ms (cache miss)
37 silly ADD node_modules/ws
38 silly ADD node_modules/node-red-contrib-dynamic-websocket
39 verbose cwd /data
40 verbose os Linux 5.15.167.4-microsoft-standard-WSL2
41 verbose node v20.19.0
42 verbose npm  v10.8.2
43 verbose exit 0
44 info ok
